This is pdfTeX, Version 3.14159265-2.6-1.40.20 (TeX Live 2019) (preloaded format=pdflatex 2019.7.14)  11 FEB 2024 17:22
entering extended mode
 restricted \write18 enabled.
 %&-line parsing enabled.
**fluid_machinery_lecture_notes.tex
(./fluid_machinery_lecture_notes.tex
LaTeX2e <2018-12-01>
(/usr/local/texlive/2019/texmf-dist/tex/latex/base/report.cls
Document Class: report 2018/09/03 v1.4i Standard LaTeX document class
(/usr/local/texlive/2019/texmf-dist/tex/latex/base/size10.clo
File: size10.clo 2018/09/03 v1.4i Standard LaTeX file (size option)
)
\c@part=\count80
\c@chapter=\count81
\c@section=\count82
\c@subsection=\count83
\c@subsubsection=\count84
\c@paragraph=\count85
\c@subparagraph=\count86
\c@figure=\count87
\c@table=\count88
\abovecaptionskip=\skip41
\belowcaptionskip=\skip42
\bibindent=\dimen102
)
(/usr/local/texlive/2019/texmf-dist/tex/latex/amsmath/amsmath.sty
Package: amsmath 2018/12/01 v2.17b AMS math features
\@mathmargin=\skip43

For additional information on amsmath, use the `?' option.
(/usr/local/texlive/2019/texmf-dist/tex/latex/amsmath/amstext.sty
Package: amstext 2000/06/29 v2.01 AMS text

(/usr/local/texlive/2019/texmf-dist/tex/latex/amsmath/amsgen.sty
File: amsgen.sty 1999/11/30 v2.0 generic functions
\@emptytoks=\toks14
\ex@=\dimen103
))
(/usr/local/texlive/2019/texmf-dist/tex/latex/amsmath/amsbsy.sty
Package: amsbsy 1999/11/29 v1.2d Bold Symbols
\pmbraise@=\dimen104
)
(/usr/local/texlive/2019/texmf-dist/tex/latex/amsmath/amsopn.sty
Package: amsopn 2016/03/08 v2.02 operator names
)
\inf@bad=\count89
LaTeX Info: Redefining \frac on input line 223.
\uproot@=\count90
\leftroot@=\count91
LaTeX Info: Redefining \overline on input line 385.
\classnum@=\count92
\DOTSCASE@=\count93
LaTeX Info: Redefining \ldots on input line 482.
LaTeX Info: Redefining \dots on input line 485.
LaTeX Info: Redefining \cdots on input line 606.
\Mathstrutbox@=\box27
\strutbox@=\box28
\big@size=\dimen105
LaTeX Font Info:    Redeclaring font encoding OML on input line 729.
LaTeX Font Info:    Redeclaring font encoding OMS on input line 730.
\macc@depth=\count94
\c@MaxMatrixCols=\count95
\dotsspace@=\muskip10
\c@parentequation=\count96
\dspbrk@lvl=\count97
\tag@help=\toks15
\row@=\count98
\column@=\count99
\maxfields@=\count100
\andhelp@=\toks16
\eqnshift@=\dimen106
\alignsep@=\dimen107
\tagshift@=\dimen108
\tagwidth@=\dimen109
\totwidth@=\dimen110
\lineht@=\dimen111
\@envbody=\toks17
\multlinegap=\skip44
\multlinetaggap=\skip45
\mathdisplay@stack=\toks18
LaTeX Info: Redefining \[ on input line 2844.
LaTeX Info: Redefining \] on input line 2845.
)
(./floatflt.sty
Package: floatflt 1997/07/16 v. 1.31
\c@OptionTest=\count101
\figbox=\box29
\tabbox=\box30
\pagebox=\box31
\ffigcount=\count102
\ftabcount=\count103
\fftest=\count104
\hangcount=\count105
\nosuccesstryfig=\count106
\nosuccesstrytab=\count107
\figgutter=\dimen112
\tabgutter=\dimen113
\htdone=\dimen114
\pageht=\dimen115
\startpageht=\dimen116
\tabbredd=\dimen117
\floatfltwidth=\dimen118
\fltitemwidth=\dimen119
\outputpretest=\toks19
)
(/usr/local/texlive/2019/texmf-dist/tex/latex/graphics/graphicx.sty
Package: graphicx 2017/06/01 v1.1a Enhanced LaTeX Graphics (DPC,SPQR)

(/usr/local/texlive/2019/texmf-dist/tex/latex/graphics/keyval.sty
Package: keyval 2014/10/28 v1.15 key=value parser (DPC)
\KV@toks@=\toks20
)
(/usr/local/texlive/2019/texmf-dist/tex/latex/graphics/graphics.sty
Package: graphics 2017/06/25 v1.2c Standard LaTeX Graphics (DPC,SPQR)

(/usr/local/texlive/2019/texmf-dist/tex/latex/graphics/trig.sty
Package: trig 2016/01/03 v1.10 sin cos tan (DPC)
)
(/usr/local/texlive/2019/texmf-dist/tex/latex/graphics-cfg/graphics.cfg
File: graphics.cfg 2016/06/04 v1.11 sample graphics configuration
)
Package graphics Info: Driver file: pdftex.def on input line 99.

(/usr/local/texlive/2019/texmf-dist/tex/latex/graphics-def/pdftex.def
File: pdftex.def 2018/01/08 v1.0l Graphics/color driver for pdftex
))
\Gin@req@height=\dimen120
\Gin@req@width=\dimen121
)
(/usr/local/texlive/2019/texmf-dist/tex/latex/subfig/subfig.sty
Package: subfig 2005/06/28 ver: 1.3 subfig package

(/usr/local/texlive/2019/texmf-dist/tex/latex/caption/caption.sty
Package: caption 2018/10/06 v3.3-154 Customizing captions (AR)

(/usr/local/texlive/2019/texmf-dist/tex/latex/caption/caption3.sty
Package: caption3 2018/09/12 v1.8c caption3 kernel (AR)
Package caption3 Info: TeX engine: e-TeX on input line 64.
\captionmargin=\dimen122
\captionmargin@=\dimen123
\captionwidth=\dimen124
\caption@tempdima=\dimen125
\caption@indent=\dimen126
\caption@parindent=\dimen127
\caption@hangindent=\dimen128
)
\c@caption@flags=\count108
\c@ContinuedFloat=\count109
Package caption Info: floatflt package is loaded.
)
\c@KVtest=\count110
\sf@farskip=\skip46
\sf@captopadj=\dimen129
\sf@capskip=\skip47
\sf@nearskip=\skip48
\c@subfigure=\count111
\c@subfigure@save=\count112
\c@lofdepth=\count113
\c@subtable=\count114
\c@subtable@save=\count115
\c@lotdepth=\count116
\sf@top=\skip49
\sf@bottom=\skip50
)
(./trackchanges.sty
Package: trackchanges 2009/04/22 v0.7.0 TrackChanges file 

(/usr/local/texlive/2019/texmf-dist/tex/latex/graphics/color.sty
Package: color 2016/07/10 v1.1e Standard LaTeX Color (DPC)

(/usr/local/texlive/2019/texmf-dist/tex/latex/graphics-cfg/color.cfg
File: color.cfg 2016/01/02 v1.6 sample color configuration
)
Package color Info: Driver file: pdftex.def on input line 147.
)
(/usr/local/texlive/2019/texmf-dist/tex/latex/base/ifthen.sty
Package: ifthen 2014/09/29 v1.1c Standard LaTeX ifthen package (DPC)
)
(/usr/local/texlive/2019/texmf-dist/tex/latex/tools/calc.sty
Package: calc 2017/05/25 v4.3 Infix arithmetic (KKT,FJ)
\calc@Acount=\count117
\calc@Bcount=\count118
\calc@Adimen=\dimen130
\calc@Bdimen=\dimen131
\calc@Askip=\skip51
\calc@Bskip=\skip52
LaTeX Info: Redefining \setlength on input line 80.
LaTeX Info: Redefining \addtolength on input line 81.
\calc@Ccount=\count119
\calc@Cskip=\skip53
)
(/usr/local/texlive/2019/texmf-dist/tex/latex/soul/soul.sty
Package: soul 2003/11/17 v2.4 letterspacing/underlining (mf)
\SOUL@word=\toks21
\SOUL@lasttoken=\toks22
\SOUL@cmds=\toks23
\SOUL@buffer=\toks24
\SOUL@token=\toks25
\SOUL@spaceskip=\skip54
\SOUL@ttwidth=\dimen132
\SOUL@uldp=\dimen133
\SOUL@ulht=\dimen134
)
(/usr/local/texlive/2019/texmf-dist/tex/latex/morefloats/morefloats.sty
Package: morefloats 2015/07/22 v1.0h Raise limit of unprocessed floats (HMM)

(/usr/local/texlive/2019/texmf-dist/tex/latex/oberdiek/kvoptions.sty
Package: kvoptions 2016/05/16 v3.12 Key value format for package options (HO)

(/usr/local/texlive/2019/texmf-dist/tex/generic/oberdiek/ltxcmds.sty
Package: ltxcmds 2016/05/16 v1.23 LaTeX kernel commands for general use (HO)
)
(/usr/local/texlive/2019/texmf-dist/tex/generic/oberdiek/kvsetkeys.sty
Package: kvsetkeys 2016/05/16 v1.17 Key value parser (HO)

(/usr/local/texlive/2019/texmf-dist/tex/generic/oberdiek/infwarerr.sty
Package: infwarerr 2016/05/16 v1.4 Providing info/warning/error messages (HO)
)
(/usr/local/texlive/2019/texmf-dist/tex/generic/oberdiek/etexcmds.sty
Package: etexcmds 2016/05/16 v1.6 Avoid name clashes with e-TeX commands (HO)

(/usr/local/texlive/2019/texmf-dist/tex/generic/oberdiek/ifluatex.sty
Package: ifluatex 2016/05/16 v1.4 Provides the ifluatex switch (HO)
Package ifluatex Info: LuaTeX not detected.
))))
Package morefloats Info: Maximum number of possible floats asked for: 36
(morefloats)             (i.e. 18 more floats).
(morefloats)             LaTeX might run out of memory before this
(morefloats)             (in which case it will notify you).
)
\c@userid=\count120
\c@changenumber=\count121
\c@storefootnote=\count122
\c@numeditors=\count123
\c@maxeditors=\count124
)
(/usr/local/texlive/2019/texmf-dist/tex/latex/fancybox/fancybox.sty
Package: fancybox 2010/05/15 1.4

Style option: `fancybox' v1.4 <2010/05/15> (tvz)
\@fancybox=\box32
\shadowsize=\dimen135
\@Sbox=\box33
\do@VerbBox=\toks26
\the@fancyput=\toks27
\this@fancyput=\toks28
\EndVerbatimTokens=\toks29
\Verbatim@Outfile=\write3
\Verbatim@Infile=\read1
) (/usr/local/texlive/2019/texmf-dist/tex/latex/wrapfig/wrapfig.sty
\wrapoverhang=\dimen136
\WF@size=\dimen137
\c@WF@wrappedlines=\count125
\WF@box=\box34
\WF@everypar=\toks30
Package: wrapfig 2003/01/31  v 3.6
)
(/usr/local/texlive/2019/texmf-dist/tex/latex/tcolorbox/tcolorbox.sty
Package: tcolorbox 2019/03/02 version 4.20 text color boxes

(/usr/local/texlive/2019/texmf-dist/tex/latex/pgf/basiclayer/pgf.sty
(/usr/local/texlive/2019/texmf-dist/tex/latex/pgf/utilities/pgfrcs.sty
(/usr/local/texlive/2019/texmf-dist/tex/generic/pgf/utilities/pgfutil-common.te
x
\pgfutil@everybye=\toks31
\pgfutil@tempdima=\dimen138
\pgfutil@tempdimb=\dimen139

(/usr/local/texlive/2019/texmf-dist/tex/generic/pgf/utilities/pgfutil-common-li
sts.tex))
(/usr/local/texlive/2019/texmf-dist/tex/generic/pgf/utilities/pgfutil-latex.def
\pgfutil@abb=\box35
(/usr/local/texlive/2019/texmf-dist/tex/latex/ms/everyshi.sty
Package: everyshi 2001/05/15 v3.00 EveryShipout Package (MS)
))
(/usr/local/texlive/2019/texmf-dist/tex/generic/pgf/utilities/pgfrcs.code.tex
(/usr/local/texlive/2019/texmf-dist/tex/generic/pgf/pgf.revision.tex)
Package: pgfrcs 2019/04/04 v3.1.2 (3.1.2)
))
Package: pgf 2019/04/04 v3.1.2 (3.1.2)

(/usr/local/texlive/2019/texmf-dist/tex/latex/pgf/basiclayer/pgfcore.sty
(/usr/local/texlive/2019/texmf-dist/tex/latex/pgf/systemlayer/pgfsys.sty
(/usr/local/texlive/2019/texmf-dist/tex/generic/pgf/systemlayer/pgfsys.code.tex
Package: pgfsys 2019/04/04 v3.1.2 (3.1.2)
(/usr/local/texlive/2019/texmf-dist/tex/generic/pgf/utilities/pgfkeys.code.tex
\pgfkeys@pathtoks=\toks32
\pgfkeys@temptoks=\toks33

(/usr/local/texlive/2019/texmf-dist/tex/generic/pgf/utilities/pgfkeysfiltered.c
ode.tex
\pgfkeys@tmptoks=\toks34
))
\pgf@x=\dimen140
\pgf@y=\dimen141
\pgf@xa=\dimen142
\pgf@ya=\dimen143
\pgf@xb=\dimen144
\pgf@yb=\dimen145
\pgf@xc=\dimen146
\pgf@yc=\dimen147
\w@pgf@writea=\write4
\r@pgf@reada=\read2
\c@pgf@counta=\count126
\c@pgf@countb=\count127
\c@pgf@countc=\count128
\c@pgf@countd=\count129
\t@pgf@toka=\toks35
\t@pgf@tokb=\toks36
\t@pgf@tokc=\toks37
\pgf@sys@id@count=\count130

(/usr/local/texlive/2019/texmf-dist/tex/generic/pgf/systemlayer/pgf.cfg
File: pgf.cfg 2019/04/04 v3.1.2 (3.1.2)
)
Driver file for pgf: pgfsys-pdftex.def

(/usr/local/texlive/2019/texmf-dist/tex/generic/pgf/systemlayer/pgfsys-pdftex.d
ef
File: pgfsys-pdftex.def 2019/04/04 v3.1.2 (3.1.2)

(/usr/local/texlive/2019/texmf-dist/tex/generic/pgf/systemlayer/pgfsys-common-p
df.def
File: pgfsys-common-pdf.def 2019/04/04 v3.1.2 (3.1.2)
)))
(/usr/local/texlive/2019/texmf-dist/tex/generic/pgf/systemlayer/pgfsyssoftpath.
code.tex
File: pgfsyssoftpath.code.tex 2019/04/04 v3.1.2 (3.1.2)
\pgfsyssoftpath@smallbuffer@items=\count131
\pgfsyssoftpath@bigbuffer@items=\count132
)
(/usr/local/texlive/2019/texmf-dist/tex/generic/pgf/systemlayer/pgfsysprotocol.
code.tex
File: pgfsysprotocol.code.tex 2019/04/04 v3.1.2 (3.1.2)
)) (/usr/local/texlive/2019/texmf-dist/tex/latex/xcolor/xcolor.sty
Package: xcolor 2016/05/11 v2.12 LaTeX color extensions (UK)

(/usr/local/texlive/2019/texmf-dist/tex/latex/graphics-cfg/color.cfg
File: color.cfg 2016/01/02 v1.6 sample color configuration
)
Package xcolor Info: Driver file: pdftex.def on input line 225.
LaTeX Info: Redefining \color on input line 709.
Package xcolor Info: Model `cmy' substituted by `cmy0' on input line 1348.
Package xcolor Info: Model `hsb' substituted by `rgb' on input line 1352.
Package xcolor Info: Model `RGB' extended on input line 1364.
Package xcolor Info: Model `HTML' substituted by `rgb' on input line 1366.
Package xcolor Info: Model `Hsb' substituted by `hsb' on input line 1367.
Package xcolor Info: Model `tHsb' substituted by `hsb' on input line 1368.
Package xcolor Info: Model `HSB' substituted by `hsb' on input line 1369.
Package xcolor Info: Model `Gray' substituted by `gray' on input line 1370.
Package xcolor Info: Model `wave' substituted by `hsb' on input line 1371.
)
(/usr/local/texlive/2019/texmf-dist/tex/generic/pgf/basiclayer/pgfcore.code.tex
Package: pgfcore 2019/04/04 v3.1.2 (3.1.2)
(/usr/local/texlive/2019/texmf-dist/tex/generic/pgf/math/pgfmath.code.tex
(/usr/local/texlive/2019/texmf-dist/tex/generic/pgf/math/pgfmathcalc.code.tex
(/usr/local/texlive/2019/texmf-dist/tex/generic/pgf/math/pgfmathutil.code.tex)
(/usr/local/texlive/2019/texmf-dist/tex/generic/pgf/math/pgfmathparser.code.tex
\pgfmath@dimen=\dimen148
\pgfmath@count=\count133
\pgfmath@box=\box36
\pgfmath@toks=\toks38
\pgfmath@stack@operand=\toks39
\pgfmath@stack@operation=\toks40
)
(/usr/local/texlive/2019/texmf-dist/tex/generic/pgf/math/pgfmathfunctions.code.
tex
(/usr/local/texlive/2019/texmf-dist/tex/generic/pgf/math/pgfmathfunctions.basic
.code.tex)
(/usr/local/texlive/2019/texmf-dist/tex/generic/pgf/math/pgfmathfunctions.trigo
nometric.code.tex)
(/usr/local/texlive/2019/texmf-dist/tex/generic/pgf/math/pgfmathfunctions.rando
m.code.tex)
(/usr/local/texlive/2019/texmf-dist/tex/generic/pgf/math/pgfmathfunctions.compa
rison.code.tex)
(/usr/local/texlive/2019/texmf-dist/tex/generic/pgf/math/pgfmathfunctions.base.
code.tex)
(/usr/local/texlive/2019/texmf-dist/tex/generic/pgf/math/pgfmathfunctions.round
.code.tex)
(/usr/local/texlive/2019/texmf-dist/tex/generic/pgf/math/pgfmathfunctions.misc.
code.tex)
(/usr/local/texlive/2019/texmf-dist/tex/generic/pgf/math/pgfmathfunctions.integ
erarithmetics.code.tex)))
(/usr/local/texlive/2019/texmf-dist/tex/generic/pgf/math/pgfmathfloat.code.tex
\c@pgfmathroundto@lastzeros=\count134
))
(/usr/local/texlive/2019/texmf-dist/tex/generic/pgf/basiclayer/pgfcorepoints.co
de.tex
File: pgfcorepoints.code.tex 2019/04/04 v3.1.2 (3.1.2)
\pgf@picminx=\dimen149
\pgf@picmaxx=\dimen150
\pgf@picminy=\dimen151
\pgf@picmaxy=\dimen152
\pgf@pathminx=\dimen153
\pgf@pathmaxx=\dimen154
\pgf@pathminy=\dimen155
\pgf@pathmaxy=\dimen156
\pgf@xx=\dimen157
\pgf@xy=\dimen158
\pgf@yx=\dimen159
\pgf@yy=\dimen160
\pgf@zx=\dimen161
\pgf@zy=\dimen162
)
(/usr/local/texlive/2019/texmf-dist/tex/generic/pgf/basiclayer/pgfcorepathconst
ruct.code.tex
File: pgfcorepathconstruct.code.tex 2019/04/04 v3.1.2 (3.1.2)
\pgf@path@lastx=\dimen163
\pgf@path@lasty=\dimen164
)
(/usr/local/texlive/2019/texmf-dist/tex/generic/pgf/basiclayer/pgfcorepathusage
.code.tex
File: pgfcorepathusage.code.tex 2019/04/04 v3.1.2 (3.1.2)
\pgf@shorten@end@additional=\dimen165
\pgf@shorten@start@additional=\dimen166
)
(/usr/local/texlive/2019/texmf-dist/tex/generic/pgf/basiclayer/pgfcorescopes.co
de.tex
File: pgfcorescopes.code.tex 2019/04/04 v3.1.2 (3.1.2)
\pgfpic=\box37
\pgf@hbox=\box38
\pgf@layerbox@main=\box39
\pgf@picture@serial@count=\count135
)
(/usr/local/texlive/2019/texmf-dist/tex/generic/pgf/basiclayer/pgfcoregraphicst
ate.code.tex
File: pgfcoregraphicstate.code.tex 2019/04/04 v3.1.2 (3.1.2)
\pgflinewidth=\dimen167
)
(/usr/local/texlive/2019/texmf-dist/tex/generic/pgf/basiclayer/pgfcoretransform
ations.code.tex
File: pgfcoretransformations.code.tex 2019/04/04 v3.1.2 (3.1.2)
\pgf@pt@x=\dimen168
\pgf@pt@y=\dimen169
\pgf@pt@temp=\dimen170
)
(/usr/local/texlive/2019/texmf-dist/tex/generic/pgf/basiclayer/pgfcorequick.cod
e.tex
File: pgfcorequick.code.tex 2019/04/04 v3.1.2 (3.1.2)
)
(/usr/local/texlive/2019/texmf-dist/tex/generic/pgf/basiclayer/pgfcoreobjects.c
ode.tex
File: pgfcoreobjects.code.tex 2019/04/04 v3.1.2 (3.1.2)
)
(/usr/local/texlive/2019/texmf-dist/tex/generic/pgf/basiclayer/pgfcorepathproce
ssing.code.tex
File: pgfcorepathprocessing.code.tex 2019/04/04 v3.1.2 (3.1.2)
)
(/usr/local/texlive/2019/texmf-dist/tex/generic/pgf/basiclayer/pgfcorearrows.co
de.tex
File: pgfcorearrows.code.tex 2019/04/04 v3.1.2 (3.1.2)
\pgfarrowsep=\dimen171
)
(/usr/local/texlive/2019/texmf-dist/tex/generic/pgf/basiclayer/pgfcoreshade.cod
e.tex
File: pgfcoreshade.code.tex 2019/04/04 v3.1.2 (3.1.2)
\pgf@max=\dimen172
\pgf@sys@shading@range@num=\count136
\pgf@shadingcount=\count137
)
(/usr/local/texlive/2019/texmf-dist/tex/generic/pgf/basiclayer/pgfcoreimage.cod
e.tex
File: pgfcoreimage.code.tex 2019/04/04 v3.1.2 (3.1.2)

(/usr/local/texlive/2019/texmf-dist/tex/generic/pgf/basiclayer/pgfcoreexternal.
code.tex
File: pgfcoreexternal.code.tex 2019/04/04 v3.1.2 (3.1.2)
\pgfexternal@startupbox=\box40
))
(/usr/local/texlive/2019/texmf-dist/tex/generic/pgf/basiclayer/pgfcorelayers.co
de.tex
File: pgfcorelayers.code.tex 2019/04/04 v3.1.2 (3.1.2)
)
(/usr/local/texlive/2019/texmf-dist/tex/generic/pgf/basiclayer/pgfcoretranspare
ncy.code.tex
File: pgfcoretransparency.code.tex 2019/04/04 v3.1.2 (3.1.2)
)
(/usr/local/texlive/2019/texmf-dist/tex/generic/pgf/basiclayer/pgfcorepatterns.
code.tex
File: pgfcorepatterns.code.tex 2019/04/04 v3.1.2 (3.1.2)
)
(/usr/local/texlive/2019/texmf-dist/tex/generic/pgf/basiclayer/pgfcorerdf.code.
tex
File: pgfcorerdf.code.tex 2019/04/04 v3.1.2 (3.1.2)
)))
(/usr/local/texlive/2019/texmf-dist/tex/generic/pgf/modules/pgfmoduleshapes.cod
e.tex
File: pgfmoduleshapes.code.tex 2019/04/04 v3.1.2 (3.1.2)
\pgfnodeparttextbox=\box41
)
(/usr/local/texlive/2019/texmf-dist/tex/generic/pgf/modules/pgfmoduleplot.code.
tex
File: pgfmoduleplot.code.tex 2019/04/04 v3.1.2 (3.1.2)
)
(/usr/local/texlive/2019/texmf-dist/tex/latex/pgf/compatibility/pgfcomp-version
-0-65.sty
Package: pgfcomp-version-0-65 2019/04/04 v3.1.2 (3.1.2)
\pgf@nodesepstart=\dimen173
\pgf@nodesepend=\dimen174
)
(/usr/local/texlive/2019/texmf-dist/tex/latex/pgf/compatibility/pgfcomp-version
-1-18.sty
Package: pgfcomp-version-1-18 2019/04/04 v3.1.2 (3.1.2)
)) (/usr/local/texlive/2019/texmf-dist/tex/latex/tools/verbatim.sty
Package: verbatim 2014/10/28 v1.5q LaTeX2e package for verbatim enhancements
\every@verbatim=\toks41
\verbatim@line=\toks42
\verbatim@in@stream=\read3
)
(/usr/local/texlive/2019/texmf-dist/tex/latex/environ/environ.sty
Package: environ 2014/05/04 v0.3 A new way to define environments

(/usr/local/texlive/2019/texmf-dist/tex/latex/trimspaces/trimspaces.sty
Package: trimspaces 2009/09/17 v1.1 Trim spaces around a token list
))
(/usr/local/texlive/2019/texmf-dist/tex/latex/etoolbox/etoolbox.sty
Package: etoolbox 2018/08/19 v2.5f e-TeX tools for LaTeX (JAW)
\etb@tempcnta=\count138
)
\tcb@titlebox=\box42
\tcb@upperbox=\box43
\tcb@lowerbox=\box44
\tcb@phantombox=\box45
\c@tcbbreakpart=\count139
\c@tcblayer=\count140
\tcolorbox@number=\count141
\tcb@temp=\box46
\tcb@temp=\box47
\tcb@temp=\box48
\tcb@temp=\box49
\tcb@out=\write5
\tcb@record@out=\write6
)
(/usr/local/texlive/2019/texmf-dist/tex/latex/tcolorbox/tcbskins.code.tex
Library (tcolorbox): 'tcbskins.code.tex' version '4.20'
(/usr/local/texlive/2019/texmf-dist/tex/latex/pgf/frontendlayer/tikz.sty
(/usr/local/texlive/2019/texmf-dist/tex/latex/pgf/utilities/pgffor.sty
(/usr/local/texlive/2019/texmf-dist/tex/latex/pgf/utilities/pgfkeys.sty
(/usr/local/texlive/2019/texmf-dist/tex/generic/pgf/utilities/pgfkeys.code.tex)
) (/usr/local/texlive/2019/texmf-dist/tex/latex/pgf/math/pgfmath.sty
(/usr/local/texlive/2019/texmf-dist/tex/generic/pgf/math/pgfmath.code.tex))
(/usr/local/texlive/2019/texmf-dist/tex/generic/pgf/utilities/pgffor.code.tex
Package: pgffor 2019/04/04 v3.1.2 (3.1.2)

(/usr/local/texlive/2019/texmf-dist/tex/generic/pgf/math/pgfmath.code.tex)
\pgffor@iter=\dimen175
\pgffor@skip=\dimen176
\pgffor@stack=\toks43
\pgffor@toks=\toks44
))
(/usr/local/texlive/2019/texmf-dist/tex/generic/pgf/frontendlayer/tikz/tikz.cod
e.tex
Package: tikz 2019/04/04 v3.1.2 (3.1.2)

(/usr/local/texlive/2019/texmf-dist/tex/generic/pgf/libraries/pgflibraryplothan
dlers.code.tex
File: pgflibraryplothandlers.code.tex 2019/04/04 v3.1.2 (3.1.2)
\pgf@plot@mark@count=\count142
\pgfplotmarksize=\dimen177
)
\tikz@lastx=\dimen178
\tikz@lasty=\dimen179
\tikz@lastxsaved=\dimen180
\tikz@lastysaved=\dimen181
\tikzleveldistance=\dimen182
\tikzsiblingdistance=\dimen183
\tikz@figbox=\box50
\tikz@figbox@bg=\box51
\tikz@tempbox=\box52
\tikz@tempbox@bg=\box53
\tikztreelevel=\count143
\tikznumberofchildren=\count144
\tikznumberofcurrentchild=\count145
\tikz@fig@count=\count146

(/usr/local/texlive/2019/texmf-dist/tex/generic/pgf/modules/pgfmodulematrix.cod
e.tex
File: pgfmodulematrix.code.tex 2019/04/04 v3.1.2 (3.1.2)
\pgfmatrixcurrentrow=\count147
\pgfmatrixcurrentcolumn=\count148
\pgf@matrix@numberofcolumns=\count149
)
\tikz@expandcount=\count150

(/usr/local/texlive/2019/texmf-dist/tex/generic/pgf/frontendlayer/tikz/librarie
s/tikzlibrarytopaths.code.tex
File: tikzlibrarytopaths.code.tex 2019/04/04 v3.1.2 (3.1.2)
)))
\tcb@waterbox=\box54

(/usr/local/texlive/2019/texmf-dist/tex/latex/tcolorbox/tcbskinsjigsaw.code.tex
Library (tcolorbox): 'tcbskinsjigsaw.code.tex' version '4.20'
))
(/usr/local/texlive/2019/texmf-dist/tex/latex/tcolorbox/tcbbreakable.code.tex
Library (tcolorbox): 'tcbbreakable.code.tex' version '4.20'
\tcb@testbox=\box55
\tcb@totalupperbox=\box56
\tcb@totallowerbox=\box57
)
\c@prob=\count151
 (./fluid_machinery_lecture_notes.aux

LaTeX Warning: Label `eq:shaftwork' multiply defined.


LaTeX Warning: Label `eq:chap1_polytropic_specific_work' multiply defined.


LaTeX Warning: Label `gen_fig' multiply defined.


LaTeX Warning: Label `principle_of_serial_connection' multiply defined.


LaTeX Warning: Label `fig:nq' multiply defined.


LaTeX Warning: Label `fig:reiprocating_pumps' multiply defined.


LaTeX Warning: Label `pistoncomp_pv2' multiply defined.

)
\openout1 = `fluid_machinery_lecture_notes.aux'.

LaTeX Font Info:    Checking defaults for OML/cmm/m/it on input line 53.
LaTeX Font Info:    ... okay on input line 53.
LaTeX Font Info:    Checking defaults for T1/cmr/m/n on input line 53.
LaTeX Font Info:    ... okay on input line 53.
LaTeX Font Info:    Checking defaults for OT1/cmr/m/n on input line 53.
LaTeX Font Info:    ... okay on input line 53.
LaTeX Font Info:    Checking defaults for OMS/cmsy/m/n on input line 53.
LaTeX Font Info:    ... okay on input line 53.
LaTeX Font Info:    Checking defaults for OMX/cmex/m/n on input line 53.
LaTeX Font Info:    ... okay on input line 53.
LaTeX Font Info:    Checking defaults for U/cmr/m/n on input line 53.
LaTeX Font Info:    ... okay on input line 53.
 (/usr/local/texlive/2019/texmf-dist/tex/context/base/mkii/supp-pdf.mkii
[Loading MPS to PDF converter (version 2006.09.02).]
\scratchcounter=\count152
\scratchdimen=\dimen184
\scratchbox=\box58
\nofMPsegments=\count153
\nofMParguments=\count154
\everyMPshowfont=\toks45
\MPscratchCnt=\count155
\MPscratchDim=\dimen185
\MPnumerator=\count156
\makeMPintoPDFobject=\count157
\everyMPtoPDFconversion=\toks46
) (/usr/local/texlive/2019/texmf-dist/tex/latex/oberdiek/epstopdf-base.sty
Package: epstopdf-base 2016/05/15 v2.6 Base part for package epstopdf

(/usr/local/texlive/2019/texmf-dist/tex/latex/oberdiek/grfext.sty
Package: grfext 2016/05/16 v1.2 Manage graphics extensions (HO)

(/usr/local/texlive/2019/texmf-dist/tex/generic/oberdiek/kvdefinekeys.sty
Package: kvdefinekeys 2016/05/16 v1.4 Define keys (HO)
))
(/usr/local/texlive/2019/texmf-dist/tex/generic/oberdiek/pdftexcmds.sty
Package: pdftexcmds 2018/09/10 v0.29 Utility functions of pdfTeX for LuaTeX (HO
)

(/usr/local/texlive/2019/texmf-dist/tex/generic/oberdiek/ifpdf.sty
Package: ifpdf 2018/09/07 v3.3 Provides the ifpdf switch
)
Package pdftexcmds Info: LuaTeX not detected.
Package pdftexcmds Info: \pdf@primitive is available.
Package pdftexcmds Info: \pdf@ifprimitive is available.
Package pdftexcmds Info: \pdfdraftmode found.
)
Package epstopdf-base Info: Redefining graphics rule for `.eps' on input line 4
38.
Package grfext Info: Graphics extension search list:
(grfext)             [.pdf,.png,.jpg,.mps,.jpeg,.jbig2,.jb2,.PDF,.PNG,.JPG,.JPE
G,.JBIG2,.JB2,.eps]
(grfext)             \AppendGraphicsExtensions on input line 456.

(/usr/local/texlive/2019/texmf-dist/tex/latex/latexconfig/epstopdf-sys.cfg
File: epstopdf-sys.cfg 2010/07/13 v1.3 Configuration of (r)epstopdf for TeX Liv
e
))
Package caption Info: Begin \AtBeginDocument code.
Package caption Info: subfig package v1.3 is loaded.
Package caption Info: wrapfig package is loaded.
Package caption Info: End \AtBeginDocument code.

ABD: EveryShipout initializing macros [1

{/usr/local/texlive/2019/texmf-var/fonts/map/pdftex/updmap/pdftex.map}] (./flui
d_machinery_lecture_notes.toc [1

]
[2] [3])
\tf@toc=\write7
\openout7 = `fluid_machinery_lecture_notes.toc'.

 (./chap1_thermodynamics.tex [4]
Chapter 1.
[5

]
LaTeX Font Info:    Try loading font information for OMS+cmr on input line 61.
 (/usr/local/texlive/2019/texmf-dist/tex/latex/base/omscmr.fd
File: omscmr.fd 2014/09/29 v2.5h Standard LaTeX font definitions
)
LaTeX Font Info:    Font shape `OMS/cmr/m/n' in size <10> not available
(Font)              Font shape `OMS/cmsy/m/n' tried instead on input line 61.
 [6] [7]
[8] [9] [10] (./Problem_solving/PS_Thermodynamics.tex [11] [12] [13]
<figs/problem_1p5p9_compr_fig.png, id=67, 310.91156pt x 195.73125pt>
File: figs/problem_1p5p9_compr_fig.png Graphic file (type png)
<use figs/problem_1p5p9_compr_fig.png>
Package pdftex.def Info: figs/problem_1p5p9_compr_fig.png  used on input line 1
32.
(pdftex.def)             Requested size: 202.0901pt x 127.22379pt.
 [14 <./figs/problem_1p5p9_compr_fig.png>] [15]
<figs/problem_1p5p11_fig.png, id=76, 350.81062pt x 274.02374pt>
File: figs/problem_1p5p11_fig.png Graphic file (type png)
<use figs/problem_1p5p11_fig.png>
Package pdftex.def Info: figs/problem_1p5p11_fig.png  used on input line 233.
(pdftex.def)             Requested size: 263.10732pt x 205.5173pt.
) [16 <./figs/problem_1p5p11_fig.png>])
(./chap2_turbomachines.tex
Chapter 2.
<figs/euler_turbine_equation_fig.png, id=81, 403.2666pt x 377.2494pt>
File: figs/euler_turbine_equation_fig.png Graphic file (type png)
<use figs/euler_turbine_equation_fig.png>
Package pdftex.def Info: figs/euler_turbine_equation_fig.png  used on input lin
e 14.
(pdftex.def)             Requested size: 201.6328pt x 188.62424pt.
[17


 <./figs/euler_turbine_equation_fig.png>] [18]
<figs/Centrifugal_Pump.png, id=90, 628.3475pt x 644.4075pt>
File: figs/Centrifugal_Pump.png Graphic file (type png)
<use figs/Centrifugal_Pump.png>
Package pdftex.def Info: figs/Centrifugal_Pump.png  used on input line 116.
(pdftex.def)             Requested size: 244.2746pt x 250.51161pt.
<figs/Impeller3D_and_VelocityTriangles_v2.png, id=91, 1707.24783pt x 2133.53609
pt>
File: figs/Impeller3D_and_VelocityTriangles_v2.png Graphic file (type png)
<use figs/Impeller3D_and_VelocityTriangles_v2.png>
Package pdftex.def Info: figs/Impeller3D_and_VelocityTriangles_v2.png  used on 
input line 133.
(pdftex.def)             Requested size: 170.71652pt x 213.33354pt.
<figs/Impeller2D_and_VelocityTriangles.png, id=92, 213.34103pt x 213.34103pt>
File: figs/Impeller2D_and_VelocityTriangles.png Graphic file (type png)
<use figs/Impeller2D_and_VelocityTriangles.png>
Package pdftex.def Info: figs/Impeller2D_and_VelocityTriangles.png  used on inp
ut line 135.
(pdftex.def)             Requested size: 213.39566pt x 213.4056pt.
 [19 <./figs/Centrifugal_Pump.png>]
<figs/RadialPump_BladeShapes.png, id=96, 341.3553pt x 142.3719pt>
File: figs/RadialPump_BladeShapes.png Graphic file (type png)
<use figs/RadialPump_BladeShapes.png>
Package pdftex.def Info: figs/RadialPump_BladeShapes.png  used on input line 16
1.
(pdftex.def)             Requested size: 375.80542pt x 156.74425pt.
 (./Problem_solving/PS_RadialVelocityTriangles.tex) [20 <./figs/Impeller3D_and_
VelocityTriangles_v2.png> <./figs/Impeller2D_and_VelocityTriangles.png>]
<figs/axial_pump1.jpg, id=102, 351.3125pt x 351.3125pt>
File: figs/axial_pump1.jpg Graphic file (type jpg)
<use figs/axial_pump1.jpg>
Package pdftex.def Info: figs/axial_pump1.jpg  used on input line 174.
(pdftex.def)             Requested size: 140.92792pt x 140.9299pt.
<figs/axialfanplate.jpg, id=103, 234.8775pt x 215.80624pt>
File: figs/axialfanplate.jpg Graphic file (type jpg)
<use figs/axialfanplate.jpg>
Package pdftex.def Info: figs/axialfanplate.jpg  used on input line 176.
(pdftex.def)             Requested size: 140.92792pt x 129.48474pt.
<figs/AxialPump_axon.png, id=104, 822.4326pt x 1008.8892pt>
File: figs/AxialPump_axon.png Graphic file (type png)
<use figs/AxialPump_axon.png>
Package pdftex.def Info: figs/AxialPump_axon.png  used on input line 191.
(pdftex.def)             Requested size: 140.92792pt x 172.879pt.
<figs/AxialPump_side.png, id=105, 902.6523pt x 1183.7826pt>
File: figs/AxialPump_side.png Graphic file (type png)
<use figs/AxialPump_side.png>
Package pdftex.def Info: figs/AxialPump_side.png  used on input line 193.
(pdftex.def)             Requested size: 140.92792pt x 184.82106pt.

(./Problem_solving/PS_AxialVelocityTriangles.tex [21 <./figs/RadialPump_BladeSh
apes.png> <./figs/axial_pump1.jpg> <./figs/axialfanplate.jpg>] [22 <./figs/Axia
lPump_axon.png> <./figs/AxialPump_side.png>]
<figs/problem_2p2p16_vel_tri_fig.png, id=115, 571.38469pt x 215.30438pt>
File: figs/problem_2p2p16_vel_tri_fig.png Graphic file (type png)
<use figs/problem_2p2p16_vel_tri_fig.png>
Package pdftex.def Info: figs/problem_2p2p16_vel_tri_fig.png  used on input lin
e 60.
(pdftex.def)             Requested size: 342.83345pt x 129.18361pt.
) [23 <./figs/problem_2p2p16_vel_tri_fig.png>]
<figs/HeadLosses.png, id=120, 398.4486pt x 227.6505pt>
File: figs/HeadLosses.png Graphic file (type png)
<use figs/HeadLosses.png>
Package pdftex.def Info: figs/HeadLosses.png  used on input line 226.
(pdftex.def)             Requested size: 398.44762pt x 227.64993pt.
 [24

 <./figs/HeadLosses.png>]
<figs/PumpLosses.png, id=126, 227.6505pt x 284.5029pt>
File: figs/PumpLosses.png Graphic file (type png)
<use figs/PumpLosses.png>
Package pdftex.def Info: figs/PumpLosses.png  used on input line 240.
(pdftex.def)             Requested size: 227.64993pt x 284.5022pt.

(./Problem_solving/PS_TurbomachineryLosses.tex [25

 <./figs/PumpLosses.png>]
<figs/problem_2p3p17_pow_flow_chart_fig.png, id=131, 384.6872pt x 376.40625pt>
File: figs/problem_2p3p17_pow_flow_chart_fig.png Graphic file (type png)
<use figs/problem_2p3p17_pow_flow_chart_fig.png>
Package pdftex.def Info: figs/problem_2p3p17_pow_flow_chart_fig.png  used on in
put line 26.
(pdftex.def)             Requested size: 326.98566pt x 319.94681pt.

[26 <./figs/problem_2p3p17_pow_flow_chart_fig.png>]) [27]
<figs/nq_eng.png, id=139, 455.301pt x 227.6505pt>
File: figs/nq_eng.png Graphic file (type png)
<use figs/nq_eng.png>
Package pdftex.def Info: figs/nq_eng.png  used on input line 309.
(pdftex.def)             Requested size: 375.80542pt x 187.90776pt.
 [28

]
(./Problem_solving/PS_DimensionlessNumbers.tex [29 <./figs/nq_eng.png>]
<figs/problem_2p4p22_aff_fig.png, id=147, 402.75468pt x 330.48468pt>
File: figs/problem_2p4p22_aff_fig.png Graphic file (type png)
<use figs/problem_2p4p22_aff_fig.png>
Package pdftex.def Info: figs/problem_2p4p22_aff_fig.png  used on input line 97
.
(pdftex.def)             Requested size: 302.06526pt x 247.8629pt.

[30] [31]
<Problem_solving/figs/PS_PerfCurves.png, id=155, 284.9847pt x 284.9847pt>
File: Problem_solving/figs/PS_PerfCurves.png Graphic file (type png)
<use Problem_solving/figs/PS_PerfCurves.png>
Package pdftex.def Info: Problem_solving/figs/PS_PerfCurves.png  used on input 
line 111.
(pdftex.def)             Requested size: 284.984pt x 284.984pt.


LaTeX Warning: `!h' float specifier changed to `!ht'.

) [32 <./figs/problem_2p4p22_aff_fig.png>] [33 <./Problem_solving/figs/PS_PerfC
urves.png (PNG copy)>]
<figs/AxialForces.png, id=163, 369.7815pt x 213.4374pt>
File: figs/AxialForces.png Graphic file (type png)
<use figs/AxialForces.png>
Package pdftex.def Info: figs/AxialForces.png  used on input line 367.
(pdftex.def)             Requested size: 369.78058pt x 213.43686pt.
 [34

 <./figs/AxialForces.png>]
(./Problem_solving/PS_Forces.tex)
<figs/cavitation.png, id=168, 569.12625pt x 356.33125pt>
File: figs/cavitation.png Graphic file (type png)
<use figs/cavitation.png>
Package pdftex.def Info: figs/cavitation.png  used on input line 411.
(pdftex.def)             Requested size: 369.88582pt x 231.59625pt.


LaTeX Warning: `!h' float specifier changed to `!ht'.

[35]
<figs/cavitation_damage.png, id=172, 722.7pt x 348.8232pt>
File: figs/cavitation_damage.png Graphic file (type png)
<use figs/cavitation_damage.png>
Package pdftex.def Info: figs/cavitation_damage.png  used on input line 434.
(pdftex.def)             Requested size: 369.88582pt x 178.53085pt.
 [36 <./figs/cavitation.png> <./figs/cavitation_damage.png>]
<figs/NPSH.pdf, id=179, 170.71654pt x 170.71654pt>
File: figs/NPSH.pdf Graphic file (type pdf)
<use figs/NPSH.pdf>
Package pdftex.def Info: figs/NPSH.pdf  used on input line 453.
(pdftex.def)             Requested size: 170.71652pt x 170.72913pt.

(./Problem_solving/PS_Cavitation.tex
<Problem_solving/figs/PS_NPSH_figure2.png, id=180, 113.7048pt x 113.7048pt>
File: Problem_solving/figs/PS_NPSH_figure2.png Graphic file (type png)
<use Problem_solving/figs/PS_NPSH_figure2.png>
Package pdftex.def Info: Problem_solving/figs/PS_NPSH_figure2.png  used on inpu
t line 11.
(pdftex.def)             Requested size: 113.70451pt x 113.70451pt.
 [37 <./figs/NPSH.pdf>]
<Problem_solving/figs/PS_NPSH_figure1.png, id=192, 197.98969pt x 153.57375pt>
File: Problem_solving/figs/PS_NPSH_figure1.png Graphic file (type png)
<use Problem_solving/figs/PS_NPSH_figure1.png>
Package pdftex.def Info: Problem_solving/figs/PS_NPSH_figure1.png  used on inpu
t line 73.
(pdftex.def)             Requested size: 173.80704pt x 134.81723pt.
 [38 <./Problem_solving/figs/PS_NPSH_figure2.png>]) [39 <./Problem_solving/figs
/PS_NPSH_figure1.png>]) (./chap3_hydraulic_systems.tex
Chapter 3.
<figs/moody.png, id=201, 1204.5pt x 745.78625pt>
File: figs/moody.png Graphic file (type png)
<use figs/moody.png>
Package pdftex.def Info: figs/moody.png  used on input line 27.
(pdftex.def)             Requested size: 469.75499pt x 290.85547pt.
[40


]
<figs/abaque-perte-charge.jpg, id=205, 1370.11874pt x 1306.8825pt>
File: figs/abaque-perte-charge.jpg Graphic file (type jpg)
<use figs/abaque-perte-charge.jpg>
Package pdftex.def Info: figs/abaque-perte-charge.jpg  used on input line 41.
(pdftex.def)             Requested size: 328.82706pt x 313.63826pt.
<figs/Hydraulic_system_sample.png, id=206, 227.6505pt x 227.6505pt>
File: figs/Hydraulic_system_sample.png Graphic file (type png)
<use figs/Hydraulic_system_sample.png>
Package pdftex.def Info: figs/Hydraulic_system_sample.png  used on input line 5
7.
(pdftex.def)             Requested size: 211.3883pt x 211.39665pt.
<figs/performance_curve_simple.png, id=207, 421.575pt x 316.18124pt>
File: figs/performance_curve_simple.png Graphic file (type png)
<use figs/performance_curve_simple.png>
Package pdftex.def Info: figs/performance_curve_simple.png  used on input line 
58.
(pdftex.def)             Requested size: 211.3883pt x 158.54373pt.
 [41 <./figs/moody.png>] (./Problem_solving/PS_HydraulicSystems.tex
[42 <./figs/abaque-perte-charge.jpg>]
<Problem_solving/figs/PS_HydraulicSystems1.png, id=216, 426.8748pt x 170.7981pt
>
File: Problem_solving/figs/PS_HydraulicSystems1.png Graphic file (type png)
<use Problem_solving/figs/PS_HydraulicSystems1.png>
Package pdftex.def Info: Problem_solving/figs/PS_HydraulicSystems1.png  used on
 input line 29.
(pdftex.def)             Requested size: 426.87375pt x 170.79767pt.
 [43 <./figs/Hydraulic_system_sample.png> <./figs/performance_curve_simple.png 
(PNG copy)>] [44 <./Problem_solving/figs/PS_HydraulicSystems1.png>]
Overfull \hbox (10.46869pt too wide) detected at line 101
\OML/cmm/m/it/10 H[] \OT1/cmr/m/n/10 = [] \OMS/cmsy/m/n/10 ^^@ [] \OT1/cmr/m/n/
10 + [][] + [][] = [] \OMS/cmsy/m/n/10 ^^@ [] \OT1/cmr/m/n/10 + [][] + [][]
 []

<figs/problem_3p3p34_hyd_sys_fig.png, id=225, 355.3275pt x 420.06938pt>
File: figs/problem_3p3p34_hyd_sys_fig.png Graphic file (type png)
<use figs/problem_3p3p34_hyd_sys_fig.png>
Package pdftex.def Info: figs/problem_3p3p34_hyd_sys_fig.png  used on input lin
e 110.
(pdftex.def)             Requested size: 266.49495pt x 315.05127pt.

Overfull \vbox (7.75285pt too high) has occurred while \output is active []


[45]
<Problem_solving/figs/PS_HydraulicSystems_Submergible.png, id=229, 392.21532pt 
x 179.16937pt>
File: Problem_solving/figs/PS_HydraulicSystems_Submergible.png Graphic file (ty
pe png)
<use Problem_solving/figs/PS_HydraulicSystems_Submergible.png>
Package pdftex.def Info: Problem_solving/figs/PS_HydraulicSystems_Submergible.p
ng  used on input line 121.
(pdftex.def)             Requested size: 392.21436pt x 179.16893pt.
 [46 <./figs/problem_3p3p34_hyd_sys_fig.png>]) [47 <./Problem_solving/figs/PS_H
ydraulicSystems_Submergible.png>]) (./chap4_fans.tex
Chapter 4.
(./Problem_solving/PS_Fans.tex [48


] [49]
<Problem_solving/figs/snow-cannon.png, id=245, 483.15337pt x 240.35866pt>
File: Problem_solving/figs/snow-cannon.png Graphic file (type png)
<use Problem_solving/figs/snow-cannon.png>
Package pdftex.def Info: Problem_solving/figs/snow-cannon.png  used on input li
ne 105.
(pdftex.def)             Requested size: 234.87749pt x 116.84886pt.
<Problem_solving/figs/car-engine-cooler.JPG, id=246, 584.93532pt x 548.0475pt>
File: Problem_solving/figs/car-engine-cooler.JPG Graphic file (type jpg)
<use Problem_solving/figs/car-engine-cooler.JPG>
Package pdftex.def Info: Problem_solving/figs/car-engine-cooler.JPG  used on in
put line 115.
(pdftex.def)             Requested size: 187.89912pt x 176.04778pt.
 [50 <./Problem_solving/figs/snow-cannon.png>]) [51 <./Problem_solving/figs/car
-engine-cooler.JPG>])
(./Control/Control.tex
Chapter 5.
[52


]

pdfTeX warning: pdflatex (file ./figs/series_connection.pdf): PDF inclusion: fo
und PDF version <1.7>, but at most version <1.5> allowed
<figs/series_connection.pdf, id=257, 292.09125pt x 171.64125pt>
File: figs/series_connection.pdf Graphic file (type pdf)
<use figs/series_connection.pdf>
Package pdftex.def Info: figs/series_connection.pdf  used on input line 40.
(pdftex.def)             Requested size: 281.85585pt x 165.6406pt.

Underfull \hbox (badness 1087) in paragraph at lines 47--48
\OT1/cmr/m/n/10 spe-cific en-ergy con-sump-tion is SEC$=
 []



pdfTeX warning: pdflatex (file ./figs/parallel_connection.pdf): PDF inclusion: 
found PDF version <1.7>, but at most version <1.5> allowed
<figs/parallel_connection.pdf, id=258, 329.23pt x 206.7725pt>
File: figs/parallel_connection.pdf Graphic file (type pdf)
<use figs/parallel_connection.pdf>
Package pdftex.def Info: figs/parallel_connection.pdf  used on input line 56.
(pdftex.def)             Requested size: 281.85585pt x 177.02263pt.

Underfull \hbox (badness 1748) in paragraph at lines 63--64
\OT1/cmr/m/n/10 have $\OML/cmm/m/it/10 ^^Q \OT1/cmr/m/n/10 = \OML/cmm/m/it/10 ^
^Q[]\OT1/cmr/m/n/10 (\OML/cmm/m/it/10 Q[]\OT1/cmr/m/n/10 )\OML/cmm/m/it/10 Q[]=
Q[]$\OT1/cmr/m/n/10 . That
 []


Underfull \hbox (badness 7451) in paragraph at lines 63--64
\OT1/cmr/m/n/10 is, the ra-tio of the de-sired flow
 []


Underfull \hbox (badness 1688) in paragraph at lines 63--64
\OT1/cmr/m/n/10 plied by the ef-fi-ciency of the pump
 []


Underfull \hbox (badness 1400) in paragraph at lines 63--64
\OT1/cmr/m/n/10 at the pump op-er-at-ing point. The
 []


Underfull \hbox (badness 1087) in paragraph at lines 63--64
\OT1/cmr/m/n/10 spe-cific en-ergy con-sump-tion is SEC$=
 []

[53

 <./figs/series_connection.pdf> <./figs/parallel_connection.pdf>]
(./Problem_solving/PS_Control.tex
<Problem_solving/figs/PS_OperatingPoint_Affinity.png, id=273, 227.6505pt x 170.
7981pt>
File: Problem_solving/figs/PS_OperatingPoint_Affinity.png Graphic file (type pn
g)
<use Problem_solving/figs/PS_OperatingPoint_Affinity.png>
Package pdftex.def Info: Problem_solving/figs/PS_OperatingPoint_Affinity.png  u
sed on input line 11.
(pdftex.def)             Requested size: 227.64993pt x 170.79767pt.
<Problem_solving/figs/PS_Control1.png, id=274, 444.4605pt x 676.4472pt>
File: Problem_solving/figs/PS_Control1.png Graphic file (type png)
<use Problem_solving/figs/PS_Control1.png>
Package pdftex.def Info: Problem_solving/figs/PS_Control1.png  used on input li
ne 52.
(pdftex.def)             Requested size: 328.82706pt x 500.48053pt.
 [54 <./Problem_solving/figs/PS_OperatingPoint_Affinity.png>] [55 <./Problem_so
lving/figs/PS_Control1.png (PNG copy)>]
<Problem_solving/figs/PS_Control_Pumps.png, id=283, 133.24782pt x 140.77594pt>
File: Problem_solving/figs/PS_Control_Pumps.png Graphic file (type png)
<use Problem_solving/figs/PS_Control_Pumps.png>
Package pdftex.def Info: Problem_solving/figs/PS_Control_Pumps.png  used on inp
ut line 96.
(pdftex.def)             Requested size: 133.24748pt x 140.77557pt.

[56 <./Problem_solving/figs/PS_Control_Pumps.png>])
<Control/Figures/Pump_Station_Parallel_Connection.jpg, id=287, 803.0pt x 536.00
25pt>
File: Control/Figures/Pump_Station_Parallel_Connection.jpg Graphic file (type j
pg)
<use Control/Figures/Pump_Station_Parallel_Connection.jpg>
Package pdftex.def Info: Control/Figures/Pump_Station_Parallel_Connection.jpg  
used on input line 85.
(pdftex.def)             Requested size: 191.80498pt x 128.0374pt.
<Control/Figures/Pump_Station_Serial_Connection.jpg, id=288, 867.24pt x 578.16p
t>
File: Control/Figures/Pump_Station_Serial_Connection.jpg Graphic file (type jpg
)
<use Control/Figures/Pump_Station_Serial_Connection.jpg>
Package pdftex.def Info: Control/Figures/Pump_Station_Serial_Connection.jpg  us
ed on input line 86.
(pdftex.def)             Requested size: 192.05052pt x 128.0374pt.
 [57]
<Control/Figures/Block_Diagram_Serial_Connection.pdf, id=292, 230.11934pt x 45.
21065pt>
File: Control/Figures/Block_Diagram_Serial_Connection.pdf Graphic file (type pd
f)
<use Control/Figures/Block_Diagram_Serial_Connection.pdf>
Package pdftex.def Info: Control/Figures/Block_Diagram_Serial_Connection.pdf  u
sed on input line 113.
(pdftex.def)             Requested size: 181.04085pt x 35.56593pt.
<Control/Figures/TheorySerialConnection.png, id=293, 526.96875pt x 395.22656pt>

File: Control/Figures/TheorySerialConnection.png Graphic file (type png)
<use Control/Figures/TheorySerialConnection.png>
Package pdftex.def Info: Control/Figures/TheorySerialConnection.png  used on in
put line 130.
(pdftex.def)             Requested size: 227.62204pt x 170.71602pt.
<Control/Figures/TheorySerialConnection_SamePumps.png, id=294, 526.96875pt x 39
5.22656pt>
File: Control/Figures/TheorySerialConnection_SamePumps.png Graphic file (type p
ng)
<use Control/Figures/TheorySerialConnection_SamePumps.png>
Package pdftex.def Info: Control/Figures/TheorySerialConnection_SamePumps.png  
used on input line 131.
(pdftex.def)             Requested size: 227.62204pt x 170.71602pt.
 [58 <./Control/Figures/Pump_Station_Parallel_Connection.jpg> <./Control/Figure
s/Pump_Station_Serial_Connection.jpg> <./Control/Figures/Block_Diagram_Serial_C
onnection.pdf>]
[59 <./Control/Figures/TheorySerialConnection.png (PNG copy)> <./Control/Figure
s/TheorySerialConnection_SamePumps.png (PNG copy)>]
(./Problem_solving/PS_Control_Series_Parallel.tex [60]
<figs/problem_5_par_1.png, id=307, 505.18738pt x 356.83313pt>
File: figs/problem_5_par_1.png Graphic file (type png)
<use figs/problem_5_par_1.png>
Package pdftex.def Info: figs/problem_5_par_1.png  used on input line 39.
(pdftex.def)             Requested size: 375.80542pt x 265.45714pt.
 [61 <./figs/problem_5_par_1.png (PNG copy)>]) [62]

pdfTeX warning: pdflatex (file ./figs/water_hammer_CV.pdf): PDF inclusion: foun
d PDF version <1.7>, but at most version <1.5> allowed
<figs/water_hammer_CV.pdf, id=314, 1196.47pt x 878.28125pt>
File: figs/water_hammer_CV.pdf Graphic file (type pdf)
<use figs/water_hammer_CV.pdf>
Package pdftex.def Info: figs/water_hammer_CV.pdf  used on input line 205.
(pdftex.def)             Requested size: 375.80542pt x 275.86937pt.
[63 <./figs/water_hammer_CV.pdf>] [64]
<figs/WaterHammer_AllieviPrinciple.pdf, id=331, 197.63695pt x 97.7867pt>
File: figs/WaterHammer_AllieviPrinciple.pdf Graphic file (type pdf)
<use figs/WaterHammer_AllieviPrinciple.pdf>
Package pdftex.def Info: figs/WaterHammer_AllieviPrinciple.pdf  used on input l
ine 272.
(pdftex.def)             Requested size: 281.85585pt x 139.46387pt.
 [65 <./figs/WaterHammer_AllieviPrinciple.pdf>] [66]
<figs/Water-hammer-blown-expansion-joints.jpg, id=341, 301.125pt x 248.93pt>
File: figs/Water-hammer-blown-expansion-joints.jpg Graphic file (type jpg)
<use figs/Water-hammer-blown-expansion-joints.jpg>
Package pdftex.def Info: figs/Water-hammer-blown-expansion-joints.jpg  used on 
input line 363.
(pdftex.def)             Requested size: 189.3054pt x 156.49014pt.
<figs/water_hammer2.jpg, id=342, 376.40625pt x 283.0575pt>
File: figs/water_hammer2.jpg Graphic file (type jpg)
<use figs/water_hammer2.jpg>
Package pdftex.def Info: figs/water_hammer2.jpg  used on input line 364.
(pdftex.def)             Requested size: 208.10384pt x 156.49014pt.
 [67 <./figs/Water-hammer-blown-expansion-joints.jpg> <./figs/water_hammer2.jpg
>] (./Problem_solving/PS_WaterHammer.tex [68]) [69])
(./PositiveDisplacementPumps/PositiveDisplacementPumps.tex
Chapter 6.
<./figs/pump1.jpg, id=352, 250.9375pt x 201.75375pt>
File: ./figs/pump1.jpg Graphic file (type jpg)
<use ./figs/pump1.jpg>
Package pdftex.def Info: ./figs/pump1.jpg  used on input line 21.
(pdftex.def)             Requested size: 187.89912pt x 151.07788pt.
<./figs/rec_pump1.jpg, id=353, 262.9825pt x 193.72375pt>
File: ./figs/rec_pump1.jpg Graphic file (type jpg)
<use ./figs/rec_pump1.jpg>
Package pdftex.def Info: ./figs/rec_pump1.jpg  used on input line 22.
(pdftex.def)             Requested size: 211.3883pt x 155.7241pt.

LaTeX Warning: `h' float specifier changed to `ht'.

[70


]
<./figs/Impeller3D_and_VelocityTriangles.png, id=357, 2087.45087pt x 2087.45087
pt>
File: ./figs/Impeller3D_and_VelocityTriangles.png Graphic file (type png)
<use ./figs/Impeller3D_and_VelocityTriangles.png>
Package pdftex.def Info: ./figs/Impeller3D_and_VelocityTriangles.png  used on i
nput line 49.
(pdftex.def)             Requested size: 187.89912pt x 187.89432pt.
<./figs/lecture1_fig01_QH.pdf, id=358, 227.4076pt x 217.42079pt>
File: ./figs/lecture1_fig01_QH.pdf Graphic file (type pdf)
<use ./figs/lecture1_fig01_QH.pdf>
Package pdftex.def Info: ./figs/lecture1_fig01_QH.pdf  used on input line 58.
(pdftex.def)             Requested size: 181.92632pt x 173.93684pt.
 [71 <./figs/pump1.jpg> <./figs/rec_pump1.jpg> <./figs/Impeller3D_and_VelocityT
riangles.png>]
<./figs/nq.pdf, id=363, 455.2441pt x 227.62204pt>
File: ./figs/nq.pdf Graphic file (type pdf)
<use ./figs/nq.pdf>
Package pdftex.def Info: ./figs/nq.pdf  used on input line 73.
(pdftex.def)             Requested size: 364.19577pt x 182.09787pt.
 [72 <./figs/lecture1_fig01_QH.pdf> <./figs/nq.pdf

pdfTeX warning: pdflatex (file ./figs/nq.pdf): PDF inclusion: multiple pdfs wit
h page group included in a single page
>]
<./figs/lecture1_fig02_dugattyu.pdf, id=406, 673.51625pt x 192.23042pt>
File: ./figs/lecture1_fig02_dugattyu.pdf Graphic file (type pdf)
<use ./figs/lecture1_fig02_dugattyu.pdf>
Package pdftex.def Info: ./figs/lecture1_fig02_dugattyu.pdf  used on input line
 104.
(pdftex.def)             Requested size: 284.52756pt x 81.20845pt.
 [73 <./figs/lecture1_fig02_dugattyu.pdf>]
<./figs/plunger_piston_pump.jpg, id=439, 217.81375pt x 233.87375pt>
File: ./figs/plunger_piston_pump.jpg Graphic file (type jpg)
<use ./figs/plunger_piston_pump.jpg>
Package pdftex.def Info: ./figs/plunger_piston_pump.jpg  used on input line 150
.
(pdftex.def)             Requested size: 140.92792pt x 151.31667pt.
<./figs/axial_piston_pump.jpg, id=440, 268.00125pt x 189.70876pt>
File: ./figs/axial_piston_pump.jpg Graphic file (type jpg)
<use ./figs/axial_piston_pump.jpg>
Package pdftex.def Info: ./figs/axial_piston_pump.jpg  used on input line 151.
(pdftex.def)             Requested size: 211.3883pt x 149.63379pt.
<./figs/gear_pump.jpg, id=441, 276.03125pt x 183.68625pt>
File: ./figs/gear_pump.jpg Graphic file (type jpg)
<use ./figs/gear_pump.jpg>
Package pdftex.def Info: ./figs/gear_pump.jpg  used on input line 158.
(pdftex.def)             Requested size: 140.92792pt x 93.78523pt.
<./figs/vane_pump.jpg, id=442, 257.96375pt x 196.735pt>
File: ./figs/vane_pump.jpg Graphic file (type jpg)
<use ./figs/vane_pump.jpg>
Package pdftex.def Info: ./figs/vane_pump.jpg  used on input line 159.
(pdftex.def)             Requested size: 140.92792pt x 107.4811pt.
<./figs/double-screw_pump.jpg, id=443, 240.9pt x 173.64874pt>
File: ./figs/double-screw_pump.jpg Graphic file (type jpg)
<use ./figs/double-screw_pump.jpg>
Package pdftex.def Info: ./figs/double-screw_pump.jpg  used on input line 160.
(pdftex.def)             Requested size: 140.92792pt x 101.58807pt.
<./figs/progressive_cavity_pump.jpg, id=444, 501.875pt x 218.8175pt>
File: ./figs/progressive_cavity_pump.jpg Graphic file (type jpg)
<use ./figs/progressive_cavity_pump.jpg>
Package pdftex.def Info: ./figs/progressive_cavity_pump.jpg  used on input line
 161.
(pdftex.def)             Requested size: 281.85585pt x 122.89421pt.
 [74 <./figs/plunger_piston_pump.jpg> <./figs/axial_piston_pump.jpg> <./figs/ge
ar_pump.jpg> <./figs/vane_pump.jpg> <./figs/double-screw_pump.jpg> <./figs/prog
ressive_cavity_pump.jpg>] [75]
<./figs/motor_pump_perf_curve_QH.pdf, id=451, 270.92857pt x 222.97528pt>
File: ./figs/motor_pump_perf_curve_QH.pdf Graphic file (type pdf)
<use ./figs/motor_pump_perf_curve_QH.pdf>
Package pdftex.def Info: ./figs/motor_pump_perf_curve_QH.pdf  used on input lin
e 208.
(pdftex.def)             Requested size: 234.87749pt x 193.30646pt.

[76

 <./figs/motor_pump_perf_curve_QH.pdf>] [77]
<./figs/lecture2_fig10_dugattyus_szivattyu.pdf, id=486, 331.67857pt x 279.93257
pt>
File: ./figs/lecture2_fig10_dugattyus_szivattyu.pdf Graphic file (type pdf)
<use ./figs/lecture2_fig10_dugattyus_szivattyu.pdf>
Package pdftex.def Info: ./figs/lecture2_fig10_dugattyus_szivattyu.pdf  used on
 input line 243.
(pdftex.def)             Requested size: 232.1734pt x 195.95146pt.
 [78

 <./figs/lecture2_fig10_dugattyus_szivattyu.pdf>]
<./figs/lecture2_fig11_dugattyus_szivattyu_diagram.pdf, id=519, 242.56566pt x 2
53.79074pt>
File: ./figs/lecture2_fig11_dugattyus_szivattyu_diagram.pdf Graphic file (type 
pdf)
<use ./figs/lecture2_fig11_dugattyus_szivattyu_diagram.pdf>
Package pdftex.def Info: ./figs/lecture2_fig11_dugattyus_szivattyu_diagram.pdf 
 used on input line 301.
(pdftex.def)             Requested size: 234.87749pt x 245.74686pt.
 [79 <./figs/lecture2_fig11_dugattyus_szivattyu_diagram.pdf>]
<./figs/lecture2_fig12_duplex_dugattyus_szivattyu.pdf, id=538, 320.49852pt x 20
0.27454pt>
File: ./figs/lecture2_fig12_duplex_dugattyus_szivattyu.pdf Graphic file (type p
df)
<use ./figs/lecture2_fig12_duplex_dugattyus_szivattyu.pdf>
Package pdftex.def Info: ./figs/lecture2_fig12_duplex_dugattyus_szivattyu.pdf  
used on input line 316.
(pdftex.def)             Requested size: 288.44598pt x 180.24539pt.
<./figs/piston_pump_pulsation_factor.pdf, id=539, 284.06125pt x 569.12625pt>
File: ./figs/piston_pump_pulsation_factor.pdf Graphic file (type pdf)
<use ./figs/piston_pump_pulsation_factor.pdf>
Package pdftex.def Info: ./figs/piston_pump_pulsation_factor.pdf  used on input
 line 342.
(pdftex.def)             Requested size: 341.43306pt x 684.13782pt.


LaTeX Warning: Float too large for page by 65.70782pt on input line 345.

[80

 <./figs/lecture2_fig12_duplex_dugattyus_szivattyu.pdf>] [81 <./figs/piston_pum
p_pulsation_factor.pdf>]
<figs/axial_piston_pump.jpg, id=590, 268.00125pt x 189.70876pt>
File: figs/axial_piston_pump.jpg Graphic file (type jpg)
<use figs/axial_piston_pump.jpg>
Package pdftex.def Info: figs/axial_piston_pump.jpg  used on input line 377.
(pdftex.def)             Requested size: 200.97998pt x 142.26378pt.
<figs/axial_piston_pump_cutaway.jpg, id=591, 248.93pt x 203.76125pt>
File: figs/axial_piston_pump_cutaway.jpg Graphic file (type jpg)
<use figs/axial_piston_pump_cutaway.jpg>
Package pdftex.def Info: figs/axial_piston_pump_cutaway.jpg  used on input line
 378.
(pdftex.def)             Requested size: 173.80919pt x 142.26378pt.
 [82

 <./figs/axial_piston_pump.jpg> <./figs/axial_piston_pump_cutaway.jpg>]
<figs/radial_piston_pump1.png, id=595, 530.98375pt x 378.41376pt>
File: figs/radial_piston_pump1.png Graphic file (type png)
<use figs/radial_piston_pump1.png>
Package pdftex.def Info: figs/radial_piston_pump1.png  used on input line 411.
(pdftex.def)             Requested size: 199.62074pt x 142.26378pt.
<figs/radial_piston_pump_cutaway.jpg, id=596, 231.264pt x 231.264pt>
File: figs/radial_piston_pump_cutaway.jpg Graphic file (type jpg)
<use figs/radial_piston_pump_cutaway.jpg>
Package pdftex.def Info: figs/radial_piston_pump_cutaway.jpg  used on input lin
e 412.
(pdftex.def)             Requested size: 142.27061pt x 142.26378pt.
 [83 <./figs/radial_piston_pump1.png> <./figs/radial_piston_pump_cutaway.jpg>]
<figs/diaphragmpump61_1.jpg, id=601, 527.9725pt x 296.10625pt>
File: figs/diaphragmpump61_1.jpg Graphic file (type jpg)
<use figs/diaphragmpump61_1.jpg>
Package pdftex.def Info: figs/diaphragmpump61_1.jpg  used on input line 437.
(pdftex.def)             Requested size: 469.75499pt x 263.45691pt.
 [84 <./figs/diaphragmpump61_1.jpg>]
<figs/gear_pump.jpg, id=606, 276.03125pt x 183.68625pt>
File: figs/gear_pump.jpg Graphic file (type jpg)
<use figs/gear_pump.jpg>
Package pdftex.def Info: figs/gear_pump.jpg  used on input line 456.
(pdftex.def)             Requested size: 171.0323pt x 113.81102pt.
<figs/genpur.png, id=607, 190.7125pt x 200.75pt>
File: figs/genpur.png Graphic file (type png)
<use figs/genpur.png>
Package pdftex.def Info: figs/genpur.png  used on input line 458.
(pdftex.def)             Requested size: 135.15945pt x 142.26378pt.
 [85

 <./figs/gear_pump.jpg> <./figs/genpur.png>]
<figs/simple_screw_pump.jpg, id=612, 240.9pt x 210.7875pt>
File: figs/simple_screw_pump.jpg Graphic file (type jpg)
<use figs/simple_screw_pump.jpg>
Package pdftex.def Info: figs/simple_screw_pump.jpg  used on input line 535.
(pdftex.def)             Requested size: 130.07303pt x 113.81102pt.
<figs/double-screw_pump.jpg, id=613, 240.9pt x 173.64874pt>
File: figs/double-screw_pump.jpg Graphic file (type jpg)
<use figs/double-screw_pump.jpg>
Package pdftex.def Info: figs/double-screw_pump.jpg  used on input line 537.
(pdftex.def)             Requested size: 197.3665pt x 142.26378pt.


LaTeX Warning: `!h' float specifier changed to `!ht'.

[86]
<figs/vane_pump.jpg, id=617, 257.96375pt x 196.735pt>
File: figs/vane_pump.jpg Graphic file (type jpg)
<use figs/vane_pump.jpg>
Package pdftex.def Info: figs/vane_pump.jpg  used on input line 587.
(pdftex.def)             Requested size: 223.84407pt x 170.71652pt.
<figs/cutawaylabel.jpg, id=618, 501.875pt x 218.8175pt>
File: figs/cutawaylabel.jpg Graphic file (type jpg)
<use figs/cutawaylabel.jpg>
Package pdftex.def Info: figs/cutawaylabel.jpg  used on input line 599.
(pdftex.def)             Requested size: 328.82706pt x 143.37491pt.
 [87 <./figs/simple_screw_pump.jpg> <./figs/double-screw_pump.jpg>]
[88 <./figs/vane_pump.jpg> <./figs/cutawaylabel.jpg>]
<figs/per_pumphead.jpg, id=625, 59.88086pt x 46.87225pt>
File: figs/per_pumphead.jpg Graphic file (type jpg)
<use figs/per_pumphead.jpg>
Package pdftex.def Info: figs/per_pumphead.jpg  used on input line 635.
(pdftex.def)             Requested size: 187.89912pt x 147.09335pt.
 [89 <./figs/per_pumphead.jpg>]
<./figs/pulsation_dampeners.jpg, id=629, 582.175pt x 281.05pt>
File: ./figs/pulsation_dampeners.jpg Graphic file (type jpg)
<use ./figs/pulsation_dampeners.jpg>
Package pdftex.def Info: ./figs/pulsation_dampeners.jpg  used on input line 661
.
(pdftex.def)             Requested size: 375.80542pt x 181.42809pt.
 [90

 <./figs/pulsation_dampeners.jpg>]
<./figs/piston_pumps.pdf, id=634, 449.68pt x 337.42743pt>
File: ./figs/piston_pumps.pdf Graphic file (type pdf)
<use ./figs/piston_pumps.pdf>
Package pdftex.def Info: ./figs/piston_pumps.pdf  used on input line 746.
(pdftex.def)             Requested size: 375.80542pt x 282.00577pt.
 [91 <./figs/piston_pumps.pdf>]
[92]
<PositiveDisplacementPumps/Figures/Direct_Spring_Loaded_PRV.pdf, id=689, 304.20
833pt x 319.34315pt>
File: PositiveDisplacementPumps/Figures/Direct_Spring_Loaded_PRV.pdf Graphic fi
le (type pdf)
<use PositiveDisplacementPumps/Figures/Direct_Spring_Loaded_PRV.pdf>
Package pdftex.def Info: PositiveDisplacementPumps/Figures/Direct_Spring_Loaded
_PRV.pdf  used on input line 805.
(pdftex.def)             Requested size: 325.28151pt x 341.43306pt.
 [93

] [94 <./PositiveDisplacementPumps/Figures/Direct_Spring_Loaded_PRV.pdf>]
<PositiveDisplacementPumps/Figures/Characteristic_Curves_Of_Pressure_Relief_Val
ves_Dp_Q.png, id=746, 526.96875pt x 395.22656pt>
File: PositiveDisplacementPumps/Figures/Characteristic_Curves_Of_Pressure_Relie
f_Valves_Dp_Q.png Graphic file (type png)
<use PositiveDisplacementPumps/Figures/Characteristic_Curves_Of_Pressure_Relief
_Valves_Dp_Q.png>
Package pdftex.def Info: PositiveDisplacementPumps/Figures/Characteristic_Curve
s_Of_Pressure_Relief_Valves_Dp_Q.png  used on input line 900.
(pdftex.def)             Requested size: 227.62204pt x 170.71602pt.
<PositiveDisplacementPumps/Figures/Characteristic_Curves_Of_Pressure_Relief_Val
ves_Q_Dp.png, id=747, 526.96875pt x 395.22656pt>
File: PositiveDisplacementPumps/Figures/Characteristic_Curves_Of_Pressure_Relie
f_Valves_Q_Dp.png Graphic file (type png)
<use PositiveDisplacementPumps/Figures/Characteristic_Curves_Of_Pressure_Relief
_Valves_Q_Dp.png>
Package pdftex.def Info: PositiveDisplacementPumps/Figures/Characteristic_Curve
s_Of_Pressure_Relief_Valves_Q_Dp.png  used on input line 901.
(pdftex.def)             Requested size: 227.62204pt x 170.71602pt.
 [95]
<PositiveDisplacementPumps/Figures/Dynamic_Error_Pressure_Relief_Valve.pdf, id=
751, 426.10397pt x 165.02126pt>
File: PositiveDisplacementPumps/Figures/Dynamic_Error_Pressure_Relief_Valve.pdf
 Graphic file (type pdf)
<use PositiveDisplacementPumps/Figures/Dynamic_Error_Pressure_Relief_Valve.pdf>

Package pdftex.def Info: PositiveDisplacementPumps/Figures/Dynamic_Error_Pressu
re_Relief_Valve.pdf  used on input line 910.
(pdftex.def)             Requested size: 341.43306pt x 132.2312pt.
 [96 <./PositiveDisplacementPumps/Figures/Characteristic_Curves_Of_Pressure_Rel
ief_Valves_Dp_Q.png (PNG copy)> <./PositiveDisplacementPumps/Figures/Characteri
stic_Curves_Of_Pressure_Relief_Valves_Q_Dp.png (PNG copy)> <./PositiveDisplacem
entPumps/Figures/Dynamic_Error_Pressure_Relief_Valve.pdf>]
<PositiveDisplacementPumps/Figures/Standard_Symbol_Of_Pressure_Relief_Valves.pd
f, id=758, 98.21693pt x 106.67354pt>
File: PositiveDisplacementPumps/Figures/Standard_Symbol_Of_Pressure_Relief_Valv
es.pdf Graphic file (type pdf)
<use PositiveDisplacementPumps/Figures/Standard_Symbol_Of_Pressure_Relief_Valve
s.pdf>
Package pdftex.def Info: PositiveDisplacementPumps/Figures/Standard_Symbol_Of_P
ressure_Relief_Valves.pdf  used on input line 919.
(pdftex.def)             Requested size: 85.35826pt x 92.71243pt.
 [97 <./PositiveDisplacementPumps/Figures/Standard_Symbol_Of_Pressure_Relief_Va
lves.pdf>]
<PositiveDisplacementPumps/Figures/Block_Diagram_Hydraulic_Aggregate.pdf, id=76
4, 181.59552pt x 114.69962pt>
File: PositiveDisplacementPumps/Figures/Block_Diagram_Hydraulic_Aggregate.pdf G
raphic file (type pdf)
<use PositiveDisplacementPumps/Figures/Block_Diagram_Hydraulic_Aggregate.pdf>
Package pdftex.def Info: PositiveDisplacementPumps/Figures/Block_Diagram_Hydrau
lic_Aggregate.pdf  used on input line 938.
(pdftex.def)             Requested size: 157.66817pt x 99.58464pt.
<PositiveDisplacementPumps/Figures/Characteristic_Curve_Hydraulic_Aggregate.pdf
, id=765, 393.74599pt x 274.36346pt>
File: PositiveDisplacementPumps/Figures/Characteristic_Curve_Hydraulic_Aggregat
e.pdf Graphic file (type pdf)
<use PositiveDisplacementPumps/Figures/Characteristic_Curve_Hydraulic_Aggregate
.pdf>
Package pdftex.def Info: PositiveDisplacementPumps/Figures/Characteristic_Curve
_Hydraulic_Aggregate.pdf  used on input line 953.
(pdftex.def)             Requested size: 398.14894pt x 277.41437pt.

[98 <./PositiveDisplacementPumps/Figures/Block_Diagram_Hydraulic_Aggregate.pdf>
 <./PositiveDisplacementPumps/Figures/Characteristic_Curve_Hydraulic_Aggregate.
pdf

pdfTeX warning: pdflatex (file ./PositiveDisplacementPumps/Figures/Characterist
ic_Curve_Hydraulic_Aggregate.pdf): PDF inclusion: multiple pdfs with page group
 included in a single page
>] [99]
<PositiveDisplacementPumps/Figures/Pilot_Operated_PRV.pdf, id=775, 444.13646pt 
x 473.46889pt>
File: PositiveDisplacementPumps/Figures/Pilot_Operated_PRV.pdf Graphic file (ty
pe pdf)
<use PositiveDisplacementPumps/Figures/Pilot_Operated_PRV.pdf>
Package pdftex.def Info: PositiveDisplacementPumps/Figures/Pilot_Operated_PRV.p
df  used on input line 1019.
(pdftex.def)             Requested size: 320.29982pt x 341.43306pt.
 [100]
<PositiveDisplacementPumps/Figures/Example_Of_Hydraulic_System_1.jpg, id=779, 9
83.675pt x 554.07pt>
File: PositiveDisplacementPumps/Figures/Example_Of_Hydraulic_System_1.jpg Graph
ic file (type jpg)
<use PositiveDisplacementPumps/Figures/Example_Of_Hydraulic_System_1.jpg>
Package pdftex.def Info: PositiveDisplacementPumps/Figures/Example_Of_Hydraulic
_System_1.jpg  used on input line 1031.
(pdftex.def)             Requested size: 227.30617pt x 128.0374pt.
<PositiveDisplacementPumps/Figures/Example_Of_Hydraulic_System_2.jpg, id=780, 1
927.2pt x 1276.77pt>
File: PositiveDisplacementPumps/Figures/Example_Of_Hydraulic_System_2.jpg Graph
ic file (type jpg)
<use PositiveDisplacementPumps/Figures/Example_Of_Hydraulic_System_2.jpg>
Package pdftex.def Info: PositiveDisplacementPumps/Figures/Example_Of_Hydraulic
_System_2.jpg  used on input line 1032.
(pdftex.def)             Requested size: 193.2606pt x 128.0374pt.
 [101 <./PositiveDisplacementPumps/Figures/Pilot_Operated_PRV.pdf>]
<PositiveDisplacementPumps/Figures/Sizing_Of_System_With_Motor.pdf, id=853, 339
.52563pt x 132.77107pt>
File: PositiveDisplacementPumps/Figures/Sizing_Of_System_With_Motor.pdf Graphic
 file (type pdf)
<use PositiveDisplacementPumps/Figures/Sizing_Of_System_With_Motor.pdf>
Package pdftex.def Info: PositiveDisplacementPumps/Figures/Sizing_Of_System_Wit
h_Motor.pdf  used on input line 1051.
(pdftex.def)             Requested size: 363.81209pt x 142.26378pt.
 [102 <./PositiveDisplacementPumps/Figures/Example_Of_Hydraulic_System_1.jpg> <
./PositiveDisplacementPumps/Figures/Example_Of_Hydraulic_System_2.jpg>]
[103 <./PositiveDisplacementPumps/Figures/Sizing_Of_System_With_Motor.pdf>]
<PositiveDisplacementPumps/Figures/Sizing_Of_System_With_Cylinder.pdf, id=863, 
376.87529pt x 132.77107pt>
File: PositiveDisplacementPumps/Figures/Sizing_Of_System_With_Cylinder.pdf Grap
hic file (type pdf)
<use PositiveDisplacementPumps/Figures/Sizing_Of_System_With_Cylinder.pdf>
Package pdftex.def Info: PositiveDisplacementPumps/Figures/Sizing_Of_System_Wit
h_Cylinder.pdf  used on input line 1118.
(pdftex.def)             Requested size: 403.83337pt x 142.26378pt.

[104] [105 <./PositiveDisplacementPumps/Figures/Sizing_Of_System_With_Cylinder.
pdf>]
<PositiveDisplacementPumps/Figures/Control_Of_Hydraulic_System_Parallel_Throttl
e.pdf, id=872, 358.52269pt x 132.77107pt>
File: PositiveDisplacementPumps/Figures/Control_Of_Hydraulic_System_Parallel_Th
rottle.pdf Graphic file (type pdf)
<use PositiveDisplacementPumps/Figures/Control_Of_Hydraulic_System_Parallel_Thr
ottle.pdf>
Package pdftex.def Info: PositiveDisplacementPumps/Figures/Control_Of_Hydraulic
_System_Parallel_Throttle.pdf  used on input line 1175.
(pdftex.def)             Requested size: 384.16801pt x 142.26378pt.
 [106 <./PositiveDisplacementPumps/Figures/Control_Of_Hydraulic_System_Parallel
_Throttle.pdf>]
<PositiveDisplacementPumps/Figures/Energy_Efficiency_Parallel_Throttle.pdf, id=
878, 367.42528pt x 188.81381pt>
File: PositiveDisplacementPumps/Figures/Energy_Efficiency_Parallel_Throttle.pdf
 Graphic file (type pdf)
<use PositiveDisplacementPumps/Figures/Energy_Efficiency_Parallel_Throttle.pdf>

Package pdftex.def Info: PositiveDisplacementPumps/Figures/Energy_Efficiency_Pa
rallel_Throttle.pdf  used on input line 1196.
(pdftex.def)             Requested size: 387.57394pt x 199.16928pt.
 [107 <./PositiveDisplacementPumps/Figures/Energy_Efficiency_Parallel_Throttle.
pdf>]
<PositiveDisplacementPumps/Figures/Control_Of_Hydraulic_System_Serial_Throttle.
pdf, id=884, 358.52269pt x 132.77107pt>
File: PositiveDisplacementPumps/Figures/Control_Of_Hydraulic_System_Serial_Thro
ttle.pdf Graphic file (type pdf)
<use PositiveDisplacementPumps/Figures/Control_Of_Hydraulic_System_Serial_Throt
tle.pdf>
Package pdftex.def Info: PositiveDisplacementPumps/Figures/Control_Of_Hydraulic
_System_Serial_Throttle.pdf  used on input line 1239.
(pdftex.def)             Requested size: 384.16801pt x 142.26378pt.
 [108 <./PositiveDisplacementPumps/Figures/Control_Of_Hydraulic_System_Serial_T
hrottle.pdf>]
<PositiveDisplacementPumps/Figures/Energy_Efficiency_Serial_Throttle.pdf, id=89
1, 373.33098pt x 192.34714pt>
File: PositiveDisplacementPumps/Figures/Energy_Efficiency_Serial_Throttle.pdf G
raphic file (type pdf)
<use PositiveDisplacementPumps/Figures/Energy_Efficiency_Serial_Throttle.pdf>
Package pdftex.def Info: PositiveDisplacementPumps/Figures/Energy_Efficiency_Se
rial_Throttle.pdf  used on input line 1266.
(pdftex.def)             Requested size: 386.57455pt x 199.16928pt.
 [109 <./PositiveDisplacementPumps/Figures/Energy_Efficiency_Serial_Throttle.pd
f>]
(./Problem_solving/PS_PositiveDisplacementPumps.tex

LaTeX Warning: Command \textquoteright invalid in math mode on input line 27.


LaTeX Warning: Command \textquoteright invalid in math mode on input line 27.


LaTeX Warning: Command \textquoteright invalid in math mode on input line 27.

[110]
<Problem_solving/figs/cylinder-problem.png, id=900, 364.59808pt x 490.46158pt>
File: Problem_solving/figs/cylinder-problem.png Graphic file (type png)
<use Problem_solving/figs/cylinder-problem.png>
Package pdftex.def Info: Problem_solving/figs/cylinder-problem.png  used on inp
ut line 39.
(pdftex.def)             Requested size: 187.89912pt x 252.7664pt.
) [111 <./Problem_solving/figs/cylinder-problem.png>])
(./HydroAndWindPower/HydroAndWindPower.tex
Chapter 7.
[112


]
<HydroAndWindPower/Figures/Example_HAWT.jpg, id=908, 225.84375pt x 225.84375pt>

File: HydroAndWindPower/Figures/Example_HAWT.jpg Graphic file (type jpg)
<use HydroAndWindPower/Figures/Example_HAWT.jpg>
Package pdftex.def Info: HydroAndWindPower/Figures/Example_HAWT.jpg  used on in
put line 24.
(pdftex.def)             Requested size: 170.72636pt x 170.71652pt.
<HydroAndWindPower/Figures/Example_VAWT.jpg, id=909, 194.7275pt x 259.97125pt>
File: HydroAndWindPower/Figures/Example_VAWT.jpg Graphic file (type jpg)
<use HydroAndWindPower/Figures/Example_VAWT.jpg>
Package pdftex.def Info: HydroAndWindPower/Figures/Example_VAWT.jpg  used on in
put line 25.
(pdftex.def)             Requested size: 127.87279pt x 170.71652pt.
 [113]
<HydroAndWindPower/Figures/SteamTube_HAWT.pdf, id=913, 171.89952pt x 95.58224pt
>
File: HydroAndWindPower/Figures/SteamTube_HAWT.pdf Graphic file (type pdf)
<use HydroAndWindPower/Figures/SteamTube_HAWT.pdf>
Package pdftex.def Info: HydroAndWindPower/Figures/SteamTube_HAWT.pdf  used on 
input line 36.
(pdftex.def)             Requested size: 307.0346pt x 170.71652pt.
 [114 <./HydroAndWindPower/Figures/Example_HAWT.jpg> <./HydroAndWindPower/Figur
es/Example_VAWT.jpg> <./HydroAndWindPower/Figures/SteamTube_HAWT.pdf>] [115] [1
16]
<HydroAndWindPower/Figures/DesignPoint_HAWT_VAWT.png, id=926, 446.8695pt x 249.
3315pt>
File: HydroAndWindPower/Figures/DesignPoint_HAWT_VAWT.png Graphic file (type pn
g)
<use HydroAndWindPower/Figures/DesignPoint_HAWT_VAWT.png>
Package pdftex.def Info: HydroAndWindPower/Figures/DesignPoint_HAWT_VAWT.png  u
sed on input line 177.
(pdftex.def)             Requested size: 407.96106pt x 227.62204pt.
 [117 <./HydroAndWindPower/Figures/DesignPoint_HAWT_VAWT.png>]
<HydroAndWindPower/Figures/Whitelee_wind_farm_from_the_air.jpg, id=930, 1027.84
pt x 770.88pt>
File: HydroAndWindPower/Figures/Whitelee_wind_farm_from_the_air.jpg Graphic fil
e (type jpg)
<use HydroAndWindPower/Figures/Whitelee_wind_farm_from_the_air.jpg>
Package pdftex.def Info: HydroAndWindPower/Figures/Whitelee_wind_farm_from_the_
air.jpg  used on input line 188.
(pdftex.def)             Requested size: 303.49248pt x 227.62204pt.

[118 <./HydroAndWindPower/Figures/Whitelee_wind_farm_from_the_air.jpg>]
<HydroAndWindPower/Figures/Schematics_Of_Traditional_Hydropower_Plants.png, id=
934, 1204.5pt x 817.0525pt>
File: HydroAndWindPower/Figures/Schematics_Of_Traditional_Hydropower_Plants.png
 Graphic file (type png)
<use HydroAndWindPower/Figures/Schematics_Of_Traditional_Hydropower_Plants.png>

Package pdftex.def Info: HydroAndWindPower/Figures/Schematics_Of_Traditional_Hy
dropower_Plants.png  used on input line 219.
(pdftex.def)             Requested size: 170.71652pt x 115.79536pt.
<HydroAndWindPower/Figures/Hoover_Dam.jpg, id=935, 2280.52pt x 1710.39pt>
File: HydroAndWindPower/Figures/Hoover_Dam.jpg Graphic file (type jpg)
<use HydroAndWindPower/Figures/Hoover_Dam.jpg>
Package pdftex.def Info: HydroAndWindPower/Figures/Hoover_Dam.jpg  used on inpu
t line 220.
(pdftex.def)             Requested size: 170.71652pt x 128.01273pt.
<HydroAndWindPower/Figures/Three_Gorges_Dam.jpg, id=936, 1143.0705pt x 709.852p
t>
File: HydroAndWindPower/Figures/Three_Gorges_Dam.jpg Graphic file (type jpg)
<use HydroAndWindPower/Figures/Three_Gorges_Dam.jpg>
Package pdftex.def Info: HydroAndWindPower/Figures/Three_Gorges_Dam.jpg  used o
n input line 221.
(pdftex.def)             Requested size: 170.71652pt x 106.00745pt.
<HydroAndWindPower/Figures/Itaipu_Dam.jpg, id=937, 1204.5pt x 763.85374pt>
File: HydroAndWindPower/Figures/Itaipu_Dam.jpg Graphic file (type jpg)
<use HydroAndWindPower/Figures/Itaipu_Dam.jpg>
Package pdftex.def Info: HydroAndWindPower/Figures/Itaipu_Dam.jpg  used on inpu
t line 222.
(pdftex.def)             Requested size: 170.71652pt x 108.25586pt.


LaTeX Warning: Command \textendash invalid in math mode on input line 227.

<HydroAndWindPower/Figures/Schematics_Of_Pumped_Storage_Hydroelectricity.png, i
d=938, 301.125pt x 172.645pt>
File: HydroAndWindPower/Figures/Schematics_Of_Pumped_Storage_Hydroelectricity.p
ng Graphic file (type png)
<use HydroAndWindPower/Figures/Schematics_Of_Pumped_Storage_Hydroelectricity.pn
g>
Package pdftex.def Info: HydroAndWindPower/Figures/Schematics_Of_Pumped_Storage
_Hydroelectricity.png  used on input line 231.
(pdftex.def)             Requested size: 170.71652pt x 97.88179pt.
<HydroAndWindPower/Figures/Kinzua_Dam.jpg, id=939, 361.35pt x 241.1409pt>
File: HydroAndWindPower/Figures/Kinzua_Dam.jpg Graphic file (type jpg)
<use HydroAndWindPower/Figures/Kinzua_Dam.jpg>
Package pdftex.def Info: HydroAndWindPower/Figures/Kinzua_Dam.jpg  used on inpu
t line 232.
(pdftex.def)             Requested size: 170.71652pt x 113.92496pt.
[119]
<HydroAndWindPower/Figures/Shematics_Of_Low_Head_Hydropower.jpg, id=943, 1606.0
pt x 947.54pt>
File: HydroAndWindPower/Figures/Shematics_Of_Low_Head_Hydropower.jpg Graphic fi
le (type jpg)
<use HydroAndWindPower/Figures/Shematics_Of_Low_Head_Hydropower.jpg>
Package pdftex.def Info: HydroAndWindPower/Figures/Shematics_Of_Low_Head_Hydrop
ower.jpg  used on input line 241.
(pdftex.def)             Requested size: 192.88322pt x 113.81102pt.
<HydroAndWindPower/Figures/Tiszalok_Low_Head_Hydropower.jpg, id=944, 803.0pt x 
559.08875pt>
File: HydroAndWindPower/Figures/Tiszalok_Low_Head_Hydropower.jpg Graphic file (
type jpg)
<use HydroAndWindPower/Figures/Tiszalok_Low_Head_Hydropower.jpg>
Package pdftex.def Info: HydroAndWindPower/Figures/Tiszalok_Low_Head_Hydropower
.jpg  used on input line 242.
(pdftex.def)             Requested size: 163.45204pt x 113.81102pt.
 [120 <./HydroAndWindPower/Figures/Schematics_Of_Traditional_Hydropower_Plants.
png> <./HydroAndWindPower/Figures/Hoover_Dam.jpg> <./HydroAndWindPower/Figures/
Three_Gorges_Dam.jpg> <./HydroAndWindPower/Figures/Itaipu_Dam.jpg> <./HydroAndW
indPower/Figures/Schematics_Of_Pumped_Storage_Hydroelectricity.png> <./HydroAnd
WindPower/Figures/Kinzua_Dam.jpg>]
<HydroAndWindPower/Figures/Schematics_Of_Tidal_Hydropower.jpg, id=951, 370.3837
4pt x 277.78781pt>
File: HydroAndWindPower/Figures/Schematics_Of_Tidal_Hydropower.jpg Graphic file
 (type jpg)
<use HydroAndWindPower/Figures/Schematics_Of_Tidal_Hydropower.jpg>
Package pdftex.def Info: HydroAndWindPower/Figures/Schematics_Of_Tidal_Hydropow
er.jpg  used on input line 251.
(pdftex.def)             Requested size: 151.75093pt x 113.81102pt.
<HydroAndWindPower/Figures/Tidal_Hydropower_In_Northen_Ireland.jpg, id=952, 702
.625pt x 395.4775pt>
File: HydroAndWindPower/Figures/Tidal_Hydropower_In_Northen_Ireland.jpg Graphic
 file (type jpg)
<use HydroAndWindPower/Figures/Tidal_Hydropower_In_Northen_Ireland.jpg>
Package pdftex.def Info: HydroAndWindPower/Figures/Tidal_Hydropower_In_Northen_
Ireland.jpg  used on input line 252.
(pdftex.def)             Requested size: 202.20145pt x 113.81102pt.
 [121 <./HydroAndWindPower/Figures/Shematics_Of_Low_Head_Hydropower.jpg> <./Hyd
roAndWindPower/Figures/Tiszalok_Low_Head_Hydropower.jpg> <./HydroAndWindPower/F
igures/Schematics_Of_Tidal_Hydropower.jpg> <./HydroAndWindPower/Figures/Tidal_H
ydropower_In_Northen_Ireland.jpg>]
<HydroAndWindPower/Figures/Pelton_Turbine_1.jpg, id=956, 1325.95375pt x 1606.0p
t>
File: HydroAndWindPower/Figures/Pelton_Turbine_1.jpg Graphic file (type jpg)
<use HydroAndWindPower/Figures/Pelton_Turbine_1.jpg>
Package pdftex.def Info: HydroAndWindPower/Figures/Pelton_Turbine_1.jpg  used o
n input line 269.
(pdftex.def)             Requested size: 117.44907pt x 142.26378pt.
<HydroAndWindPower/Figures/Pelton_Turbine_2.jpg, id=957, 1284.8pt x 722.7pt>
File: HydroAndWindPower/Figures/Pelton_Turbine_2.jpg Graphic file (type jpg)
<use HydroAndWindPower/Figures/Pelton_Turbine_2.jpg>
Package pdftex.def Info: HydroAndWindPower/Figures/Pelton_Turbine_2.jpg  used o
n input line 270.
(pdftex.def)             Requested size: 252.91693pt x 142.26378pt.

[122 <./HydroAndWindPower/Figures/Pelton_Turbine_1.jpg> <./HydroAndWindPower/Fi
gures/Pelton_Turbine_2.jpg>]
<HydroAndWindPower/Figures/Francis_Turbine_1.jpg, id=961, 602.25pt x 493.845pt>

File: HydroAndWindPower/Figures/Francis_Turbine_1.jpg Graphic file (type jpg)
<use HydroAndWindPower/Figures/Francis_Turbine_1.jpg>
Package pdftex.def Info: HydroAndWindPower/Figures/Francis_Turbine_1.jpg  used 
on input line 279.
(pdftex.def)             Requested size: 138.79027pt x 113.81102pt.
<HydroAndWindPower/Figures/Francis_Turbine_2.jpg, id=962, 599.23875pt x 394.473
75pt>
File: HydroAndWindPower/Figures/Francis_Turbine_2.jpg Graphic file (type jpg)
<use HydroAndWindPower/Figures/Francis_Turbine_2.jpg>
Package pdftex.def Info: HydroAndWindPower/Figures/Francis_Turbine_2.jpg  used 
on input line 280.
(pdftex.def)             Requested size: 172.88785pt x 113.81102pt.
<HydroAndWindPower/Figures/Francis_Turbine_3.jpg, id=963, 642.4pt x 480.79625pt
>
File: HydroAndWindPower/Figures/Francis_Turbine_3.jpg Graphic file (type jpg)
<use HydroAndWindPower/Figures/Francis_Turbine_3.jpg>
Package pdftex.def Info: HydroAndWindPower/Figures/Francis_Turbine_3.jpg  used 
on input line 281.
(pdftex.def)             Requested size: 152.06186pt x 113.81102pt.
<HydroAndWindPower/Figures/Kaplan_Turbine_1.jpg, id=964, 551.1792pt x 412.4208p
t>
File: HydroAndWindPower/Figures/Kaplan_Turbine_1.jpg Graphic file (type jpg)
<use HydroAndWindPower/Figures/Kaplan_Turbine_1.jpg>
Package pdftex.def Info: HydroAndWindPower/Figures/Kaplan_Turbine_1.jpg  used o
n input line 290.
(pdftex.def)             Requested size: 190.13179pt x 142.26378pt.
<HydroAndWindPower/Figures/Kaplan_Turbine_3.jpg, id=965, 565.11125pt x 438.6387
5pt>
File: HydroAndWindPower/Figures/Kaplan_Turbine_3.jpg Graphic file (type jpg)
<use HydroAndWindPower/Figures/Kaplan_Turbine_3.jpg>
Package pdftex.def Info: HydroAndWindPower/Figures/Kaplan_Turbine_3.jpg  used o
n input line 291.
(pdftex.def)             Requested size: 183.27957pt x 142.26378pt.
<HydroAndWindPower/Figures/CrossFlow_Turbine_1.jpg, id=966, 154.176pt x 102.623
4pt>
File: HydroAndWindPower/Figures/CrossFlow_Turbine_1.jpg Graphic file (type jpg)

<use HydroAndWindPower/Figures/CrossFlow_Turbine_1.jpg>
Package pdftex.def Info: HydroAndWindPower/Figures/CrossFlow_Turbine_1.jpg  use
d on input line 300.
(pdftex.def)             Requested size: 170.9915pt x 113.81102pt.
<HydroAndWindPower/Figures/CrossFlow_Turbine_2.jpg, id=967, 415.5525pt x 334.24
875pt>
File: HydroAndWindPower/Figures/CrossFlow_Turbine_2.jpg Graphic file (type jpg)

<use HydroAndWindPower/Figures/CrossFlow_Turbine_2.jpg>
Package pdftex.def Info: HydroAndWindPower/Figures/CrossFlow_Turbine_2.jpg  use
d on input line 301.
(pdftex.def)             Requested size: 141.49522pt x 113.81102pt.
<HydroAndWindPower/Figures/CrossFlow_Turbine_3.png, id=968, 903.375pt x 679.538
76pt>
File: HydroAndWindPower/Figures/CrossFlow_Turbine_3.png Graphic file (type png)

<use HydroAndWindPower/Figures/CrossFlow_Turbine_3.png>
Package pdftex.def Info: HydroAndWindPower/Figures/CrossFlow_Turbine_3.png  use
d on input line 302.
(pdftex.def)             Requested size: 151.29729pt x 113.81102pt.
 [123 <./HydroAndWindPower/Figures/Francis_Turbine_1.jpg> <./HydroAndWindPower/
Figures/Francis_Turbine_2.jpg> <./HydroAndWindPower/Figures/Francis_Turbine_3.j
pg> <./HydroAndWindPower/Figures/Kaplan_Turbine_1.jpg> <./HydroAndWindPower/Fig
ures/Kaplan_Turbine_3.jpg>]
<HydroAndWindPower/Figures/Water_Turbine_Chart.png, id=972, 545.03625pt x 408.5
2625pt>
File: HydroAndWindPower/Figures/Water_Turbine_Chart.png Graphic file (type png)

<use HydroAndWindPower/Figures/Water_Turbine_Chart.png>
Package pdftex.def Info: HydroAndWindPower/Figures/Water_Turbine_Chart.png  use
d on input line 311.
(pdftex.def)             Requested size: 284.52756pt x 213.26393pt.
 [124 <./HydroAndWindPower/Figures/CrossFlow_Turbine_1.jpg> <./HydroAndWindPowe
r/Figures/CrossFlow_Turbine_2.jpg> <./HydroAndWindPower/Figures/CrossFlow_Turbi
ne_3.png> <./HydroAndWindPower/Figures/Water_Turbine_Chart.png>]
<HydroAndWindPower/Figures/Water_Turbine_Chart_Specific_Speed.png, id=977, 922.
44624pt x 459.7175pt>
File: HydroAndWindPower/Figures/Water_Turbine_Chart_Specific_Speed.png Graphic 
file (type png)
<use HydroAndWindPower/Figures/Water_Turbine_Chart_Specific_Speed.png>
Package pdftex.def Info: HydroAndWindPower/Figures/Water_Turbine_Chart_Specific
_Speed.png  used on input line 333.
(pdftex.def)             Requested size: 341.43306pt x 170.15593pt.
<HydroAndWindPower/Figures/Velocity_Triangle_Pelton_Turbine.jpg, id=978, 270.42
967pt x 223.02678pt>
File: HydroAndWindPower/Figures/Velocity_Triangle_Pelton_Turbine.jpg Graphic fi
le (type jpg)
<use HydroAndWindPower/Figures/Velocity_Triangle_Pelton_Turbine.jpg>
Package pdftex.def Info: HydroAndWindPower/Figures/Velocity_Triangle_Pelton_Tur
bine.jpg  used on input line 350.
(pdftex.def)             Requested size: 137.99983pt x 113.81102pt.
<HydroAndWindPower/Figures/Velocity_Triangle_Francis_Turbine.png, id=979, 383.4
325pt x 427.5975pt>
File: HydroAndWindPower/Figures/Velocity_Triangle_Francis_Turbine.png Graphic f
ile (type png)
<use HydroAndWindPower/Figures/Velocity_Triangle_Francis_Turbine.png>
Package pdftex.def Info: HydroAndWindPower/Figures/Velocity_Triangle_Francis_Tu
rbine.png  used on input line 351.
(pdftex.def)             Requested size: 140.32321pt x 156.49014pt.
<HydroAndWindPower/Figures/Velocity_Triangle_Kaplan_Turbine.jpg, id=980, 335.12
814pt x 174.5992pt>
File: HydroAndWindPower/Figures/Velocity_Triangle_Kaplan_Turbine.jpg Graphic fi
le (type jpg)
<use HydroAndWindPower/Figures/Velocity_Triangle_Kaplan_Turbine.jpg>
Package pdftex.def Info: HydroAndWindPower/Figures/Velocity_Triangle_Kaplan_Tur
bine.jpg  used on input line 352.
(pdftex.def)             Requested size: 273.0682pt x 142.26378pt.
 [125 <./HydroAndWindPower/Figures/Water_Turbine_Chart_Specific_Speed.png>] [12
6 <./HydroAndWindPower/Figures/Velocity_Triangle_Pelton_Turbine.jpg> <./HydroAn
dWindPower/Figures/Velocity_Triangle_Francis_Turbine.png> <./HydroAndWindPower/
Figures/Velocity_Triangle_Kaplan_Turbine.jpg>]
<HydroAndWindPower/Figures/Characteristic_Curves_All_Types.png, id=988, 469.755
pt x 400.49625pt>
File: HydroAndWindPower/Figures/Characteristic_Curves_All_Types.png Graphic fil
e (type png)
<use HydroAndWindPower/Figures/Characteristic_Curves_All_Types.png>
Package pdftex.def Info: HydroAndWindPower/Figures/Characteristic_Curves_All_Ty
pes.png  used on input line 395.
(pdftex.def)             Requested size: 398.33858pt x 339.61064pt.
 [127 <./HydroAndWindPower/Figures/Characteristic_Curves_All_Types.png>]
<HydroAndWindPower/Figures/Efficiency_Hill.jpg, id=992, 642.4pt x 389.455pt>
File: HydroAndWindPower/Figures/Efficiency_Hill.jpg Graphic file (type jpg)
<use HydroAndWindPower/Figures/Efficiency_Hill.jpg>
Package pdftex.def Info: HydroAndWindPower/Figures/Efficiency_Hill.jpg  used on
 input line 404.
(pdftex.def)             Requested size: 284.52756pt x 172.49576pt.
<HydroAndWindPower/Figures/Efficiency_Of_Turbines.jpg, id=993, 168.63pt x 82.38
78pt>
File: HydroAndWindPower/Figures/Efficiency_Of_Turbines.jpg Graphic file (type j
pg)
<use HydroAndWindPower/Figures/Efficiency_Of_Turbines.jpg>
Package pdftex.def Info: HydroAndWindPower/Figures/Efficiency_Of_Turbines.jpg  
used on input line 405.
(pdftex.def)             Requested size: 312.9803pt x 152.9166pt.
[128 <./HydroAndWindPower/Figures/Efficiency_Hill.jpg> <./HydroAndWindPower/Fig
ures/Efficiency_Of_Turbines.jpg>]
<HydroAndWindPower/Figures/Global_Hydropower_Potential.png, id=997, 469.755pt x
 295.1025pt>
File: HydroAndWindPower/Figures/Global_Hydropower_Potential.png Graphic file (t
ype png)
<use HydroAndWindPower/Figures/Global_Hydropower_Potential.png>
Package pdftex.def Info: HydroAndWindPower/Figures/Global_Hydropower_Potential.
png  used on input line 418.
(pdftex.def)             Requested size: 208.34862pt x 130.88284pt.
<HydroAndWindPower/Figures/The_Future_Of_Hydropower.jpg, id=998, 961.5925pt x 5
24.96124pt>
File: HydroAndWindPower/Figures/The_Future_Of_Hydropower.jpg Graphic file (type
 jpg)
<use HydroAndWindPower/Figures/The_Future_Of_Hydropower.jpg>
Package pdftex.def Info: HydroAndWindPower/Figures/The_Future_Of_Hydropower.jpg
  used on input line 419.
(pdftex.def)             Requested size: 239.73726pt x 130.88284pt.
 (./Problem_solving/PS_HydroAndWind.tex
[129 <./HydroAndWindPower/Figures/Global_Hydropower_Potential.png (PNG copy)> <
./HydroAndWindPower/Figures/The_Future_Of_Hydropower.jpg>]) [130])
(./chap8_compressors.tex
Chapter 8.
<figs/pistoncomp_pV_Ts_en.png, id=1005, 812.02248pt x 361.35pt>
File: figs/pistoncomp_pV_Ts_en.png Graphic file (type png)
<use figs/pistoncomp_pV_Ts_en.png>
Package pdftex.def Info: figs/pistoncomp_pV_Ts_en.png  used on input line 15.
(pdftex.def)             Requested size: 375.80542pt x 167.23755pt.
<figs/workcycle_real_v3.png, id=1006, 657.0pt x 560.859pt>
File: figs/workcycle_real_v3.png Graphic file (type png)
<use figs/workcycle_real_v3.png>
Package pdftex.def Info: figs/workcycle_real_v3.png  used on input line 24.
(pdftex.def)             Requested size: 187.89912pt x 160.40274pt.

LaTeX Warning: `!h' float specifier changed to `!ht'.

[131


 <./figs/pistoncomp_pV_Ts_en.png>]
<figs/workcycle_real.png, id=1011, 614.701pt x 526.19057pt>
File: figs/workcycle_real.png Graphic file (type png)
<use figs/workcycle_real.png>
Package pdftex.def Info: figs/workcycle_real.png  used on input line 77.
(pdftex.def)             Requested size: 328.82706pt x 281.48106pt.


LaTeX Warning: `!h' float specifier changed to `!ht'.

[132 <./figs/workcycle_real_v3.png>] [133 <./figs/workcycle_real.png>]
(./Problem_solving/PS_Compressors.tex [134] [135]) [136])
(./fluid_machinery_lecture_notes.bbl) [137


]
(./fluid_machinery_lecture_notes.aux)

LaTeX Warning: There were multiply-defined labels.

 ) 
Here is how much of TeX's memory you used:
 18484 strings out of 492616
 399986 string characters out of 6129481
 456122 words of memory out of 5000000
 21883 multiletter control sequences out of 15000+600000
 12733 words of font info for 45 fonts, out of 8000000 for 9000
 1141 hyphenation exceptions out of 8191
 54i,16n,83p,2531b,968s stack positions out of 5000i,500n,10000p,200000b,80000s
</usr/local/texlive/2019/texmf-dist/fonts/type1/public/amsfonts/cm/cmbx10.pfb
></usr/local/texlive/2019/texmf-dist/fonts/type1/public/amsfonts/cm/cmbx12.pfb>
</usr/local/texlive/2019/texmf-dist/fonts/type1/public/amsfonts/cm/cmbx7.pfb></
usr/local/texlive/2019/texmf-dist/fonts/type1/public/amsfonts/cm/cmex10.pfb></u
sr/local/texlive/2019/texmf-dist/fonts/type1/public/amsfonts/cm/cmmi10.pfb></us
r/local/texlive/2019/texmf-dist/fonts/type1/public/amsfonts/cm/cmmi5.pfb></usr/
local/texlive/2019/texmf-dist/fonts/type1/public/amsfonts/cm/cmmi7.pfb></usr/lo
cal/texlive/2019/texmf-dist/fonts/type1/public/amsfonts/cm/cmr10.pfb></usr/loca
l/texlive/2019/texmf-dist/fonts/type1/public/amsfonts/cm/cmr12.pfb></usr/local/
texlive/2019/texmf-dist/fonts/type1/public/amsfonts/cm/cmr17.pfb></usr/local/te
xlive/2019/texmf-dist/fonts/type1/public/amsfonts/cm/cmr5.pfb></usr/local/texli
ve/2019/texmf-dist/fonts/type1/public/amsfonts/cm/cmr7.pfb></usr/local/texlive/
2019/texmf-dist/fonts/type1/public/amsfonts/cm/cmsl10.pfb></usr/local/texlive/2
019/texmf-dist/fonts/type1/public/amsfonts/cm/cmsy10.pfb></usr/local/texlive/20
19/texmf-dist/fonts/type1/public/amsfonts/cm/cmsy5.pfb></usr/local/texlive/2019
/texmf-dist/fonts/type1/public/amsfonts/cm/cmsy7.pfb></usr/local/texlive/2019/t
exmf-dist/fonts/type1/public/amsfonts/cm/cmti10.pfb></usr/local/texlive/2019/te
xmf-dist/fonts/type1/public/amsfonts/cm/cmtt12.pfb>
Output written on fluid_machinery_lecture_notes.pdf (138 pages, 24073467 bytes)
.
PDF statistics:
 1095 PDF objects out of 1200 (max. 8388607)
 673 compressed objects within 7 object streams
 0 named destinations out of 1000 (max. 500000)
 683 words of extra memory for PDF output out of 10000 (max. 10000000)

